{"/home/travis/build/npmtest/node-npmtest-mysql-orm/test.js":{"path":"/home/travis/build/npmtest/node-npmtest-mysql-orm/test.js","s":{"1":2,"2":2,"3":2,"4":2,"5":2,"6":2,"7":2,"8":1,"9":2,"10":2,"11":1,"12":1,"13":1,"14":1,"15":2,"16":2,"17":2,"18":2,"19":1,"20":1,"21":2,"22":2,"23":2,"24":1,"25":1,"26":1,"27":1,"28":1,"29":1,"30":1,"31":1,"32":1,"33":1,"34":1,"35":1,"36":1,"37":1,"38":1,"39":2,"40":2,"41":1,"42":2,"43":2,"44":1,"45":2,"46":2,"47":1,"48":2,"49":2,"50":1,"51":1,"52":1,"53":1,"54":1},"b":{"1":[2,1,1,1],"2":[1,1,1,1],"3":[1,1],"4":[1,1],"5":[1,1],"6":[1,1],"7":[1,1],"8":[1,1],"9":[1,1],"10":[1,1,1],"11":[1,1],"12":[1,1],"13":[1,1],"14":[1,1],"15":[1,1],"16":[1,1],"17":[1,1]},"f":{"1":2,"2":2,"3":2,"4":2,"5":2,"6":1,"7":1,"8":1,"9":2,"10":2,"11":2,"12":2,"13":1},"fnMap":{"1":{"name":"(anonymous_1)","line":12,"loc":{"start":{"line":12,"column":1},"end":{"line":12,"column":13}}},"2":{"name":"(anonymous_2)","line":19,"loc":{"start":{"line":19,"column":5},"end":{"line":19,"column":17}}},"3":{"name":"(anonymous_3)","line":23,"loc":{"start":{"line":23,"column":24},"end":{"line":23,"column":36}}},"4":{"name":"(anonymous_4)","line":61,"loc":{"start":{"line":61,"column":5},"end":{"line":61,"column":17}}},"5":{"name":"(anonymous_5)","line":82,"loc":{"start":{"line":82,"column":5},"end":{"line":82,"column":17}}},"6":{"name":"(anonymous_6)","line":91,"loc":{"start":{"line":91,"column":77},"end":{"line":94,"column":10}}},"7":{"name":"(anonymous_7)","line":112,"loc":{"start":{"line":112,"column":83},"end":{"line":115,"column":10}},"skip":true},"8":{"name":"(anonymous_8)","line":123,"loc":{"start":{"line":123,"column":77},"end":{"line":126,"column":10}},"skip":true},"9":{"name":"(anonymous_9)","line":139,"loc":{"start":{"line":139,"column":12},"end":{"line":139,"column":40}},"skip":true},"10":{"name":"(anonymous_10)","line":147,"loc":{"start":{"line":147,"column":77},"end":{"line":150,"column":10}},"skip":true},"11":{"name":"(anonymous_11)","line":158,"loc":{"start":{"line":158,"column":83},"end":{"line":161,"column":10}},"skip":true},"12":{"name":"(anonymous_12)","line":169,"loc":{"start":{"line":169,"column":79},"end":{"line":172,"column":10}},"skip":true},"13":{"name":"(anonymous_13)","line":180,"loc":{"start":{"line":180,"column":75},"end":{"line":183,"column":10}},"skip":true}},"statementMap":{"1":{"start":{"line":12,"column":0},"end":{"line":195,"column":5}},"2":{"start":{"line":14,"column":4},"end":{"line":14,"column":14}},"3":{"start":{"line":19,"column":4},"end":{"line":56,"column":9}},"4":{"start":{"line":21,"column":8},"end":{"line":21,"column":19}},"5":{"start":{"line":23,"column":8},"end":{"line":35,"column":13}},"6":{"start":{"line":24,"column":12},"end":{"line":34,"column":13}},"7":{"start":{"line":25,"column":16},"end":{"line":28,"column":30}},"8":{"start":{"line":30,"column":16},"end":{"line":33,"column":27}},"9":{"start":{"line":37,"column":8},"end":{"line":39,"column":21}},"10":{"start":{"line":40,"column":8},"end":{"line":53,"column":9}},"11":{"start":{"line":43,"column":12},"end":{"line":46,"column":14}},"12":{"start":{"line":47,"column":12},"end":{"line":47,"column":18}},"13":{"start":{"line":50,"column":12},"end":{"line":51,"column":33}},"14":{"start":{"line":52,"column":12},"end":{"line":52,"column":18}},"15":{"start":{"line":55,"column":8},"end":{"line":55,"column":35}},"16":{"start":{"line":61,"column":4},"end":{"line":63,"column":9}},"17":{"start":{"line":62,"column":8},"end":{"line":62,"column":15}},"18":{"start":{"line":64,"column":4},"end":{"line":77,"column":5}},"19":{"start":{"line":70,"column":8},"end":{"line":70,"column":14}},"20":{"start":{"line":76,"column":8},"end":{"line":76,"column":14}},"21":{"start":{"line":82,"column":4},"end":{"line":84,"column":9}},"22":{"start":{"line":83,"column":8},"end":{"line":83,"column":15}},"23":{"start":{"line":85,"column":4},"end":{"line":194,"column":5}},"24":{"start":{"line":91,"column":8},"end":{"line":99,"column":10}},"25":{"start":{"line":98,"column":12},"end":{"line":98,"column":35}},"26":{"start":{"line":102,"column":8},"end":{"line":104,"column":63}},"27":{"start":{"line":105,"column":8},"end":{"line":105,"column":14}},"28":{"start":{"line":112,"column":8},"end":{"line":121,"column":10},"skip":true},"29":{"start":{"line":119,"column":12},"end":{"line":119,"column":55},"skip":true},"30":{"start":{"line":120,"column":12},"end":{"line":120,"column":48},"skip":true},"31":{"start":{"line":123,"column":8},"end":{"line":136,"column":10},"skip":true},"32":{"start":{"line":130,"column":12},"end":{"line":130,"column":76},"skip":true},"33":{"start":{"line":131,"column":12},"end":{"line":131,"column":73},"skip":true},"34":{"start":{"line":132,"column":12},"end":{"line":132,"column":74},"skip":true},"35":{"start":{"line":133,"column":12},"end":{"line":133,"column":79},"skip":true},"36":{"start":{"line":134,"column":12},"end":{"line":134,"column":25},"skip":true},"37":{"start":{"line":135,"column":12},"end":{"line":135,"column":45},"skip":true},"38":{"start":{"line":138,"column":8},"end":{"line":145,"column":14},"skip":true},"39":{"start":{"line":143,"column":16},"end":{"line":143,"column":29},"skip":true},"40":{"start":{"line":144,"column":16},"end":{"line":144,"column":55},"skip":true},"41":{"start":{"line":147,"column":8},"end":{"line":156,"column":10},"skip":true},"42":{"start":{"line":154,"column":12},"end":{"line":154,"column":25},"skip":true},"43":{"start":{"line":155,"column":12},"end":{"line":155,"column":45},"skip":true},"44":{"start":{"line":158,"column":8},"end":{"line":167,"column":10},"skip":true},"45":{"start":{"line":165,"column":12},"end":{"line":165,"column":25},"skip":true},"46":{"start":{"line":166,"column":12},"end":{"line":166,"column":48},"skip":true},"47":{"start":{"line":169,"column":8},"end":{"line":178,"column":10},"skip":true},"48":{"start":{"line":176,"column":12},"end":{"line":176,"column":25},"skip":true},"49":{"start":{"line":177,"column":12},"end":{"line":177,"column":46},"skip":true},"50":{"start":{"line":180,"column":8},"end":{"line":189,"column":10},"skip":true},"51":{"start":{"line":187,"column":12},"end":{"line":187,"column":94},"skip":true},"52":{"start":{"line":188,"column":12},"end":{"line":188,"column":48},"skip":true},"53":{"start":{"line":192,"column":8},"end":{"line":192,"column":35},"skip":true},"54":{"start":{"line":193,"column":8},"end":{"line":193,"column":14},"skip":true}},"branchMap":{"1":{"line":25,"type":"binary-expr","locations":[{"start":{"line":25,"column":23},"end":{"line":25,"column":62}},{"start":{"line":26,"column":20},"end":{"line":26,"column":70}},{"start":{"line":27,"column":20},"end":{"line":27,"column":71}},{"start":{"line":28,"column":20},"end":{"line":28,"column":29}}]},"2":{"line":30,"type":"binary-expr","locations":[{"start":{"line":30,"column":23},"end":{"line":30,"column":37}},{"start":{"line":31,"column":20},"end":{"line":31,"column":61}},{"start":{"line":32,"column":20},"end":{"line":32,"column":70}},{"start":{"line":33,"column":20},"end":{"line":33,"column":26}}]},"3":{"line":37,"type":"cond-expr","locations":[{"start":{"line":38,"column":14},"end":{"line":38,"column":20}},{"start":{"line":39,"column":14},"end":{"line":39,"column":20}}]},"4":{"line":40,"type":"switch","locations":[{"start":{"line":42,"column":8},"end":{"line":47,"column":18}},{"start":{"line":49,"column":8},"end":{"line":52,"column":18}}]},"5":{"line":44,"type":"binary-expr","locations":[{"start":{"line":44,"column":16},"end":{"line":44,"column":44}},{"start":{"line":44,"column":48},"end":{"line":44,"column":66}}]},"6":{"line":50,"type":"binary-expr","locations":[{"start":{"line":50,"column":21},"end":{"line":50,"column":49}},{"start":{"line":50,"column":53},"end":{"line":50,"column":72}}]},"7":{"line":64,"type":"switch","locations":[{"start":{"line":69,"column":4},"end":{"line":70,"column":14}},{"start":{"line":75,"column":4},"end":{"line":76,"column":14}}]},"8":{"line":85,"type":"switch","locations":[{"start":{"line":90,"column":4},"end":{"line":105,"column":14}},{"start":{"line":111,"column":4},"end":{"line":193,"column":14},"skip":true}]},"9":{"line":91,"type":"binary-expr","locations":[{"start":{"line":91,"column":42},"end":{"line":91,"column":73}},{"start":{"line":91,"column":77},"end":{"line":99,"column":9}}]},"10":{"line":102,"type":"binary-expr","locations":[{"start":{"line":102,"column":18},"end":{"line":102,"column":32}},{"start":{"line":103,"column":12},"end":{"line":103,"column":53}},{"start":{"line":104,"column":12},"end":{"line":104,"column":61}}]},"11":{"line":112,"type":"binary-expr","locations":[{"start":{"line":112,"column":45},"end":{"line":112,"column":79},"skip":true},{"start":{"line":112,"column":83},"end":{"line":121,"column":9},"skip":true}]},"12":{"line":123,"type":"binary-expr","locations":[{"start":{"line":123,"column":42},"end":{"line":123,"column":73},"skip":true},{"start":{"line":123,"column":77},"end":{"line":136,"column":9},"skip":true}]},"13":{"line":138,"type":"binary-expr","locations":[{"start":{"line":138,"column":48},"end":{"line":138,"column":85},"skip":true},{"start":{"line":139,"column":12},"end":{"line":145,"column":13},"skip":true}]},"14":{"line":147,"type":"binary-expr","locations":[{"start":{"line":147,"column":42},"end":{"line":147,"column":73},"skip":true},{"start":{"line":147,"column":77},"end":{"line":156,"column":9},"skip":true}]},"15":{"line":158,"type":"binary-expr","locations":[{"start":{"line":158,"column":45},"end":{"line":158,"column":79},"skip":true},{"start":{"line":158,"column":83},"end":{"line":167,"column":9},"skip":true}]},"16":{"line":169,"type":"binary-expr","locations":[{"start":{"line":169,"column":43},"end":{"line":169,"column":75},"skip":true},{"start":{"line":169,"column":79},"end":{"line":178,"column":9},"skip":true}]},"17":{"line":180,"type":"binary-expr","locations":[{"start":{"line":180,"column":41},"end":{"line":180,"column":71},"skip":true},{"start":{"line":180,"column":75},"end":{"line":189,"column":9},"skip":true}]}},"code":["/* istanbul instrument in package npmtest_mysql_orm */","/*jslint","    bitwise: true,","    browser: true,","    maxerr: 8,","    maxlen: 96,","    node: true,","    nomen: true,","    regexp: true,","    stupid: true","*/","(function () {","    'use strict';","    var local;","","","","    // run shared js-env code - pre-init","    (function () {","        // init local","        local = {};","        // init modeJs","        local.modeJs = (function () {","            try {","                return typeof navigator.userAgent === 'string' &&","                    typeof document.querySelector('body') === 'object' &&","                    typeof XMLHttpRequest.prototype.open === 'function' &&","                    'browser';","            } catch (errorCaughtBrowser) {","                return module.exports &&","                    typeof process.versions.node === 'string' &&","                    typeof require('http').createServer === 'function' &&","                    'node';","            }","        }());","        // init global","        local.global = local.modeJs === 'browser'","            ? window","            : global;","        switch (local.modeJs) {","        // re-init local from window.local","        case 'browser':","            local = local.global.utility2.objectSetDefault(","                local.global.utility2_rollup || local.global.local,","                local.global.utility2","            );","            break;","        // re-init local from example.js","        case 'node':","            local = (local.global.utility2_rollup || require('utility2'))","                .requireReadme();","            break;","        }","        // export local","        local.global.local = local;","    }());","","","","    // run shared js-env code - function","    (function () {","        return;","    }());","    switch (local.modeJs) {","","","","    // run browser js-env code - function","    case 'browser':","        break;","","","","    // run node js-env code - function","    case 'node':","        break;","    }","","","","    // run shared js-env code - post-init","    (function () {","        return;","    }());","    switch (local.modeJs) {","","","","    // run browser js-env code - post-init","    case 'browser':","        local.testCase_browser_nullCase = local.testCase_browser_nullCase || function (","            options,","            onError","        ) {","        /*","         * this function will test browsers's null-case handling-behavior-behavior","         */","            onError(null, options);","        };","","        // run tests","        local.nop(local.modeTest &&","            document.querySelector('#testRunButton1') &&","            document.querySelector('#testRunButton1').click());","        break;","","","","    // run node js-env code - post-init","    /* istanbul ignore next */","    case 'node':","        local.testCase_buildApidoc_default = local.testCase_buildApidoc_default || function (","            options,","            onError","        ) {","        /*","         * this function will test buildApidoc's default handling-behavior-behavior","         */","            options = { modulePathList: module.paths };","            local.buildApidoc(options, onError);","        };","","        local.testCase_buildApp_default = local.testCase_buildApp_default || function (","            options,","            onError","        ) {","        /*","         * this function will test buildApp's default handling-behavior-behavior","         */","            local.testCase_buildReadme_default(options, local.onErrorThrow);","            local.testCase_buildLib_default(options, local.onErrorThrow);","            local.testCase_buildTest_default(options, local.onErrorThrow);","            local.testCase_buildCustomOrg_default(options, local.onErrorThrow);","            options = [];","            local.buildApp(options, onError);","        };","","        local.testCase_buildCustomOrg_default = local.testCase_buildCustomOrg_default ||","            function (options, onError) {","            /*","             * this function will test buildCustomOrg's default handling-behavior","             */","                options = {};","                local.buildCustomOrg(options, onError);","            };","","        local.testCase_buildLib_default = local.testCase_buildLib_default || function (","            options,","            onError","        ) {","        /*","         * this function will test buildLib's default handling-behavior","         */","            options = {};","            local.buildLib(options, onError);","        };","","        local.testCase_buildReadme_default = local.testCase_buildReadme_default || function (","            options,","            onError","        ) {","        /*","         * this function will test buildReadme's default handling-behavior-behavior","         */","            options = {};","            local.buildReadme(options, onError);","        };","","        local.testCase_buildTest_default = local.testCase_buildTest_default || function (","            options,","            onError","        ) {","        /*","         * this function will test buildTest's default handling-behavior","         */","            options = {};","            local.buildTest(options, onError);","        };","","        local.testCase_webpage_default = local.testCase_webpage_default || function (","            options,","            onError","        ) {","        /*","         * this function will test webpage's default handling-behavior","         */","            options = { modeCoverageMerge: true, url: local.serverLocalHost + '?modeTest=1' };","            local.browserTest(options, onError);","        };","","        // run test-server","        local.testRunServer(local);","        break;","    }","}());",""],"l":{"12":2,"14":2,"19":2,"21":2,"23":2,"24":2,"25":2,"30":1,"37":2,"40":2,"43":1,"47":1,"50":1,"52":1,"55":2,"61":2,"62":2,"64":2,"70":1,"76":1,"82":2,"83":2,"85":2,"91":1,"98":1,"102":1,"105":1,"112":1,"119":1,"120":1,"123":1,"130":1,"131":1,"132":1,"133":1,"134":1,"135":1,"138":1,"143":2,"144":2,"147":1,"154":2,"155":2,"158":1,"165":2,"166":2,"169":1,"176":2,"177":2,"180":1,"187":1,"188":1,"192":1,"193":1}},"/home/travis/build/npmtest/node-npmtest-mysql-orm/lib.npmtest_mysql_orm.js":{"path":"/home/travis/build/npmtest/node-npmtest-mysql-orm/lib.npmtest_mysql_orm.js","s":{"1":2,"2":2,"3":2,"4":2,"5":2,"6":2,"7":2,"8":1,"9":2,"10":2,"11":2,"12":2,"13":1,"14":1,"15":1,"16":1},"b":{"1":[2,1,1,1],"2":[1,1,1,1],"3":[1,1],"4":[2,2],"5":[1,1]},"f":{"1":2,"2":2,"3":2},"fnMap":{"1":{"name":"(anonymous_1)","line":12,"loc":{"start":{"line":12,"column":1},"end":{"line":12,"column":13}}},"2":{"name":"(anonymous_2)","line":19,"loc":{"start":{"line":19,"column":5},"end":{"line":19,"column":17}}},"3":{"name":"(anonymous_3)","line":23,"loc":{"start":{"line":23,"column":24},"end":{"line":23,"column":36}}}},"statementMap":{"1":{"start":{"line":12,"column":0},"end":{"line":53,"column":5}},"2":{"start":{"line":14,"column":4},"end":{"line":14,"column":14}},"3":{"start":{"line":19,"column":4},"end":{"line":52,"column":9}},"4":{"start":{"line":21,"column":8},"end":{"line":21,"column":19}},"5":{"start":{"line":23,"column":8},"end":{"line":35,"column":13}},"6":{"start":{"line":24,"column":12},"end":{"line":34,"column":13}},"7":{"start":{"line":25,"column":16},"end":{"line":28,"column":30}},"8":{"start":{"line":30,"column":16},"end":{"line":33,"column":27}},"9":{"start":{"line":37,"column":8},"end":{"line":39,"column":21}},"10":{"start":{"line":41,"column":8},"end":{"line":41,"column":54}},"11":{"start":{"line":43,"column":8},"end":{"line":43,"column":54}},"12":{"start":{"line":45,"column":8},"end":{"line":51,"column":9}},"13":{"start":{"line":46,"column":12},"end":{"line":46,"column":60}},"14":{"start":{"line":48,"column":12},"end":{"line":48,"column":35}},"15":{"start":{"line":49,"column":12},"end":{"line":49,"column":49}},"16":{"start":{"line":50,"column":12},"end":{"line":50,"column":43}}},"branchMap":{"1":{"line":25,"type":"binary-expr","locations":[{"start":{"line":25,"column":23},"end":{"line":25,"column":62}},{"start":{"line":26,"column":20},"end":{"line":26,"column":70}},{"start":{"line":27,"column":20},"end":{"line":27,"column":71}},{"start":{"line":28,"column":20},"end":{"line":28,"column":29}}]},"2":{"line":30,"type":"binary-expr","locations":[{"start":{"line":30,"column":23},"end":{"line":30,"column":37}},{"start":{"line":31,"column":20},"end":{"line":31,"column":61}},{"start":{"line":32,"column":20},"end":{"line":32,"column":70}},{"start":{"line":33,"column":20},"end":{"line":33,"column":26}}]},"3":{"line":37,"type":"cond-expr","locations":[{"start":{"line":38,"column":14},"end":{"line":38,"column":20}},{"start":{"line":39,"column":14},"end":{"line":39,"column":20}}]},"4":{"line":41,"type":"binary-expr","locations":[{"start":{"line":41,"column":16},"end":{"line":41,"column":44}},{"start":{"line":41,"column":48},"end":{"line":41,"column":53}}]},"5":{"line":45,"type":"if","locations":[{"start":{"line":45,"column":8},"end":{"line":45,"column":8}},{"start":{"line":45,"column":8},"end":{"line":45,"column":8}}]}},"code":["/* istanbul instrument in package npmtest_mysql_orm */","/*jslint","    bitwise: true,","    browser: true,","    maxerr: 8,","    maxlen: 96,","    node: true,","    nomen: true,","    regexp: true,","    stupid: true","*/","(function () {","    'use strict';","    var local;","","","","    // run shared js-env code - pre-init","    (function () {","        // init local","        local = {};","        // init modeJs","        local.modeJs = (function () {","            try {","                return typeof navigator.userAgent === 'string' &&","                    typeof document.querySelector('body') === 'object' &&","                    typeof XMLHttpRequest.prototype.open === 'function' &&","                    'browser';","            } catch (errorCaughtBrowser) {","                return module.exports &&","                    typeof process.versions.node === 'string' &&","                    typeof require('http').createServer === 'function' &&","                    'node';","            }","        }());","        // init global","        local.global = local.modeJs === 'browser'","            ? window","            : global;","        // init utility2_rollup","        local = local.global.utility2_rollup || local;","        // init lib","        local.local = local.npmtest_mysql_orm = local;","        // init exports","        if (local.modeJs === 'browser') {","            local.global.utility2_npmtest_mysql_orm = local;","        } else {","            module.exports = local;","            module.exports.__dirname = __dirname;","            module.exports.module = module;","        }","    }());","}());",""],"l":{"12":2,"14":2,"19":2,"21":2,"23":2,"24":2,"25":2,"30":1,"37":2,"41":2,"43":2,"45":2,"46":1,"48":1,"49":1,"50":1}},"/home/travis/build/npmtest/node-npmtest-mysql-orm/example.js":{"path":"/home/travis/build/npmtest/node-npmtest-mysql-orm/example.js","s":{"1":2,"2":2,"3":2,"4":2,"5":2,"6":2,"7":2,"8":1,"9":2,"10":2,"11":2,"12":2,"13":1,"14":2,"15":2,"16":2,"17":2,"18":2,"19":0,"20":2,"21":1,"22":1,"23":1,"24":1,"25":1,"26":0,"27":0,"28":1,"29":1,"30":2,"31":0,"32":0,"33":0,"34":1,"35":2,"36":2,"37":3,"38":3,"39":3,"40":3,"41":0,"42":3,"43":3,"44":3,"45":1,"46":3,"47":1,"48":1,"49":1,"50":1,"51":1,"52":1,"53":1,"54":1,"55":1,"56":1,"57":0,"58":1,"59":6,"60":6,"61":1,"62":2,"63":0,"64":2,"65":1,"66":1,"67":0,"68":0,"69":0,"70":0,"71":0,"72":0,"73":0,"74":0,"75":0,"76":0,"77":0,"78":0,"79":0,"80":0,"81":0,"82":0,"83":0},"b":{"1":[2,1,1,1],"2":[1,1,1,1],"3":[1,1],"4":[2,2],"5":[1,1],"6":[1,1],"7":[2,0],"8":[2,1,1,1,1,1],"9":[0,2,0],"10":[1,1],"11":[2,1,1],"12":[1,0],"13":[0,2],"14":[2,0,0,0,0,0,0],"15":[0,3],"16":[3,0],"17":[1,1],"18":[0,1],"19":[1,2,0,2],"20":[1,0],"21":[1,1],"22":[0,0],"23":[0,0],"24":[0,0],"25":[0,0],"26":[0,0],"27":[0,0],"28":[0,0]},"f":{"1":2,"2":2,"3":2,"4":2,"5":2,"6":2,"7":3,"8":3,"9":3,"10":1,"11":6,"12":0},"fnMap":{"1":{"name":"(anonymous_1)","line":26,"loc":{"start":{"line":26,"column":1},"end":{"line":26,"column":13}}},"2":{"name":"(anonymous_2)","line":33,"loc":{"start":{"line":33,"column":5},"end":{"line":33,"column":17}}},"3":{"name":"(anonymous_3)","line":37,"loc":{"start":{"line":37,"column":24},"end":{"line":37,"column":36}}},"4":{"name":"(anonymous_4)","line":69,"loc":{"start":{"line":69,"column":31},"end":{"line":69,"column":48}},"skip":true},"5":{"name":"(anonymous_5)","line":78,"loc":{"start":{"line":78,"column":26},"end":{"line":78,"column":45}},"skip":true},"6":{"name":"(anonymous_6)","line":123,"loc":{"start":{"line":123,"column":33},"end":{"line":123,"column":48}},"skip":true},"7":{"name":"(anonymous_7)","line":125,"loc":{"start":{"line":125,"column":27},"end":{"line":125,"column":39}},"skip":true},"8":{"name":"(anonymous_8)","line":133,"loc":{"start":{"line":133,"column":59},"end":{"line":133,"column":74}},"skip":true},"9":{"name":"(anonymous_9)","line":143,"loc":{"start":{"line":143,"column":45},"end":{"line":143,"column":62}},"skip":true},"10":{"name":"(anonymous_10)","line":144,"loc":{"start":{"line":144,"column":73},"end":{"line":144,"column":92}},"skip":true},"11":{"name":"(anonymous_11)","line":272,"loc":{"start":{"line":272,"column":51},"end":{"line":272,"column":77}},"skip":true},"12":{"name":"(anonymous_12)","line":315,"loc":{"start":{"line":315,"column":32},"end":{"line":315,"column":61}},"skip":true}},"statementMap":{"1":{"start":{"line":26,"column":0},"end":{"line":326,"column":5}},"2":{"start":{"line":28,"column":4},"end":{"line":28,"column":14}},"3":{"start":{"line":33,"column":4},"end":{"line":60,"column":9}},"4":{"start":{"line":35,"column":8},"end":{"line":35,"column":19}},"5":{"start":{"line":37,"column":8},"end":{"line":49,"column":13}},"6":{"start":{"line":38,"column":12},"end":{"line":48,"column":13}},"7":{"start":{"line":39,"column":16},"end":{"line":42,"column":30}},"8":{"start":{"line":44,"column":16},"end":{"line":47,"column":27}},"9":{"start":{"line":51,"column":8},"end":{"line":53,"column":21}},"10":{"start":{"line":55,"column":8},"end":{"line":57,"column":45}},"11":{"start":{"line":59,"column":8},"end":{"line":59,"column":35}},"12":{"start":{"line":61,"column":4},"end":{"line":325,"column":5}},"13":{"start":{"line":69,"column":8},"end":{"line":121,"column":10},"skip":true},"14":{"start":{"line":70,"column":12},"end":{"line":88,"column":13},"skip":true},"15":{"start":{"line":76,"column":16},"end":{"line":87,"column":19},"skip":true},"16":{"start":{"line":79,"column":20},"end":{"line":86,"column":21},"skip":true},"17":{"start":{"line":82,"column":24},"end":{"line":82,"column":43},"skip":true},"18":{"start":{"line":83,"column":24},"end":{"line":83,"column":30},"skip":true},"19":{"start":{"line":85,"column":24},"end":{"line":85,"column":49},"skip":true},"20":{"start":{"line":89,"column":12},"end":{"line":107,"column":13},"skip":true},"21":{"start":{"line":92,"column":16},"end":{"line":102,"column":17},"skip":true},"22":{"start":{"line":93,"column":20},"end":{"line":93,"column":86},"skip":true},"23":{"start":{"line":94,"column":20},"end":{"line":95,"column":45},"skip":true},"24":{"start":{"line":96,"column":20},"end":{"line":96,"column":42},"skip":true},"25":{"start":{"line":97,"column":20},"end":{"line":97,"column":48},"skip":true},"26":{"start":{"line":100,"column":20},"end":{"line":100,"column":85},"skip":true},"27":{"start":{"line":101,"column":20},"end":{"line":101,"column":96},"skip":true},"28":{"start":{"line":103,"column":16},"end":{"line":103,"column":22},"skip":true},"29":{"start":{"line":106,"column":16},"end":{"line":106,"column":22},"skip":true},"30":{"start":{"line":108,"column":12},"end":{"line":120,"column":13},"skip":true},"31":{"start":{"line":114,"column":16},"end":{"line":119,"column":17},"skip":true},"32":{"start":{"line":116,"column":20},"end":{"line":116,"column":78},"skip":true},"33":{"start":{"line":118,"column":20},"end":{"line":118,"column":47},"skip":true},"34":{"start":{"line":123,"column":8},"end":{"line":141,"column":11},"skip":true},"35":{"start":{"line":124,"column":12},"end":{"line":124,"column":54},"skip":true},"36":{"start":{"line":125,"column":12},"end":{"line":140,"column":14},"skip":true},"37":{"start":{"line":126,"column":16},"end":{"line":126,"column":28},"skip":true},"38":{"start":{"line":127,"column":16},"end":{"line":127,"column":69},"skip":true},"39":{"start":{"line":128,"column":16},"end":{"line":128,"column":75},"skip":true},"40":{"start":{"line":129,"column":16},"end":{"line":131,"column":17},"skip":true},"41":{"start":{"line":130,"column":20},"end":{"line":130,"column":27},"skip":true},"42":{"start":{"line":133,"column":16},"end":{"line":137,"column":36},"skip":true},"43":{"start":{"line":134,"column":20},"end":{"line":136,"column":55},"skip":true},"44":{"start":{"line":139,"column":16},"end":{"line":139,"column":57},"skip":true},"45":{"start":{"line":143,"column":8},"end":{"line":147,"column":11},"skip":true},"46":{"start":{"line":144,"column":12},"end":{"line":146,"column":15},"skip":true},"47":{"start":{"line":145,"column":16},"end":{"line":145,"column":70},"skip":true},"48":{"start":{"line":149,"column":8},"end":{"line":149,"column":31},"skip":true},"49":{"start":{"line":150,"column":8},"end":{"line":150,"column":14},"skip":true},"50":{"start":{"line":158,"column":8},"end":{"line":158,"column":31},"skip":true},"51":{"start":{"line":160,"column":8},"end":{"line":160,"column":33},"skip":true},"52":{"start":{"line":161,"column":8},"end":{"line":161,"column":37},"skip":true},"53":{"start":{"line":162,"column":8},"end":{"line":162,"column":35},"skip":true},"54":{"start":{"line":164,"column":8},"end":{"line":164,"column":50},"skip":true},"55":{"start":{"line":166,"column":8},"end":{"line":256,"column":2},"skip":true},"56":{"start":{"line":258,"column":8},"end":{"line":286,"column":9},"skip":true},"57":{"start":{"line":259,"column":12},"end":{"line":269,"column":14},"skip":true},"58":{"start":{"line":271,"column":12},"end":{"line":285,"column":19},"skip":true},"59":{"start":{"line":274,"column":20},"end":{"line":274,"column":35},"skip":true},"60":{"start":{"line":275,"column":20},"end":{"line":284,"column":21},"skip":true},"61":{"start":{"line":277,"column":24},"end":{"line":277,"column":64},"skip":true},"62":{"start":{"line":279,"column":24},"end":{"line":279,"column":40},"skip":true},"63":{"start":{"line":281,"column":24},"end":{"line":281,"column":40},"skip":true},"64":{"start":{"line":283,"column":24},"end":{"line":283,"column":39},"skip":true},"65":{"start":{"line":288,"column":8},"end":{"line":290,"column":9},"skip":true},"66":{"start":{"line":289,"column":12},"end":{"line":289,"column":18},"skip":true},"67":{"start":{"line":291,"column":8},"end":{"line":293,"column":54},"skip":true},"68":{"start":{"line":296,"column":8},"end":{"line":301,"column":37},"skip":true},"69":{"start":{"line":303,"column":8},"end":{"line":303,"column":82},"skip":true},"70":{"start":{"line":306,"column":8},"end":{"line":308,"column":9},"skip":true},"71":{"start":{"line":307,"column":12},"end":{"line":307,"column":82},"skip":true},"72":{"start":{"line":310,"column":8},"end":{"line":312,"column":9},"skip":true},"73":{"start":{"line":311,"column":12},"end":{"line":311,"column":18},"skip":true},"74":{"start":{"line":313,"column":8},"end":{"line":313,"column":54},"skip":true},"75":{"start":{"line":314,"column":8},"end":{"line":314,"column":69},"skip":true},"76":{"start":{"line":315,"column":8},"end":{"line":323,"column":36},"skip":true},"77":{"start":{"line":316,"column":12},"end":{"line":316,"column":61},"skip":true},"78":{"start":{"line":317,"column":12},"end":{"line":320,"column":13},"skip":true},"79":{"start":{"line":318,"column":16},"end":{"line":318,"column":75},"skip":true},"80":{"start":{"line":319,"column":16},"end":{"line":319,"column":23},"skip":true},"81":{"start":{"line":321,"column":12},"end":{"line":321,"column":38},"skip":true},"82":{"start":{"line":322,"column":12},"end":{"line":322,"column":27},"skip":true},"83":{"start":{"line":324,"column":8},"end":{"line":324,"column":14},"skip":true}},"branchMap":{"1":{"line":39,"type":"binary-expr","locations":[{"start":{"line":39,"column":23},"end":{"line":39,"column":62}},{"start":{"line":40,"column":20},"end":{"line":40,"column":70}},{"start":{"line":41,"column":20},"end":{"line":41,"column":71}},{"start":{"line":42,"column":20},"end":{"line":42,"column":29}}]},"2":{"line":44,"type":"binary-expr","locations":[{"start":{"line":44,"column":23},"end":{"line":44,"column":37}},{"start":{"line":45,"column":20},"end":{"line":45,"column":61}},{"start":{"line":46,"column":20},"end":{"line":46,"column":70}},{"start":{"line":47,"column":20},"end":{"line":47,"column":26}}]},"3":{"line":51,"type":"cond-expr","locations":[{"start":{"line":52,"column":14},"end":{"line":52,"column":20}},{"start":{"line":53,"column":14},"end":{"line":53,"column":20}}]},"4":{"line":55,"type":"binary-expr","locations":[{"start":{"line":55,"column":16},"end":{"line":55,"column":44}},{"start":{"line":55,"column":49},"end":{"line":57,"column":43}}]},"5":{"line":55,"type":"cond-expr","locations":[{"start":{"line":56,"column":14},"end":{"line":56,"column":53}},{"start":{"line":57,"column":14},"end":{"line":57,"column":43}}]},"6":{"line":61,"type":"switch","locations":[{"start":{"line":68,"column":4},"end":{"line":150,"column":14},"skip":true},{"start":{"line":156,"column":4},"end":{"line":324,"column":14},"skip":true}]},"7":{"line":70,"type":"if","locations":[{"start":{"line":70,"column":12},"end":{"line":70,"column":12},"skip":true},{"start":{"line":70,"column":12},"end":{"line":70,"column":12},"skip":true}]},"8":{"line":70,"type":"binary-expr","locations":[{"start":{"line":70,"column":16},"end":{"line":70,"column":22},"skip":true},{"start":{"line":70,"column":27},"end":{"line":70,"column":32},"skip":true},{"start":{"line":71,"column":20},"end":{"line":71,"column":39},"skip":true},{"start":{"line":72,"column":20},"end":{"line":72,"column":49},"skip":true},{"start":{"line":73,"column":20},"end":{"line":73,"column":58},"skip":true},{"start":{"line":74,"column":20},"end":{"line":74,"column":69},"skip":true}]},"9":{"line":79,"type":"switch","locations":[{"start":{"line":80,"column":20},"end":{"line":80,"column":33},"skip":true},{"start":{"line":81,"column":20},"end":{"line":83,"column":30},"skip":true},{"start":{"line":84,"column":20},"end":{"line":85,"column":49},"skip":true}]},"10":{"line":89,"type":"switch","locations":[{"start":{"line":90,"column":12},"end":{"line":103,"column":22},"skip":true},{"start":{"line":105,"column":12},"end":{"line":106,"column":22},"skip":true}]},"11":{"line":89,"type":"binary-expr","locations":[{"start":{"line":89,"column":20},"end":{"line":89,"column":25},"skip":true},{"start":{"line":89,"column":29},"end":{"line":89,"column":48},"skip":true},{"start":{"line":89,"column":52},"end":{"line":89,"column":74},"skip":true}]},"12":{"line":92,"type":"if","locations":[{"start":{"line":92,"column":16},"end":{"line":92,"column":16},"skip":true},{"start":{"line":92,"column":16},"end":{"line":92,"column":16},"skip":true}]},"13":{"line":108,"type":"if","locations":[{"start":{"line":108,"column":12},"end":{"line":108,"column":12},"skip":true},{"start":{"line":108,"column":12},"end":{"line":108,"column":12},"skip":true}]},"14":{"line":108,"type":"binary-expr","locations":[{"start":{"line":108,"column":16},"end":{"line":108,"column":61},"skip":true},{"start":{"line":108,"column":66},"end":{"line":108,"column":72},"skip":true},{"start":{"line":108,"column":77},"end":{"line":108,"column":82},"skip":true},{"start":{"line":109,"column":20},"end":{"line":109,"column":39},"skip":true},{"start":{"line":110,"column":20},"end":{"line":110,"column":49},"skip":true},{"start":{"line":111,"column":20},"end":{"line":111,"column":58},"skip":true},{"start":{"line":112,"column":20},"end":{"line":112,"column":68},"skip":true}]},"15":{"line":129,"type":"if","locations":[{"start":{"line":129,"column":16},"end":{"line":129,"column":16},"skip":true},{"start":{"line":129,"column":16},"end":{"line":129,"column":16},"skip":true}]},"16":{"line":134,"type":"cond-expr","locations":[{"start":{"line":135,"column":26},"end":{"line":135,"column":29},"skip":true},{"start":{"line":136,"column":26},"end":{"line":136,"column":54},"skip":true}]},"17":{"line":164,"type":"binary-expr","locations":[{"start":{"line":164,"column":27},"end":{"line":164,"column":43},"skip":true},{"start":{"line":164,"column":47},"end":{"line":164,"column":49},"skip":true}]},"18":{"line":258,"type":"if","locations":[{"start":{"line":258,"column":8},"end":{"line":258,"column":8},"skip":true},{"start":{"line":258,"column":8},"end":{"line":258,"column":8},"skip":true}]},"19":{"line":275,"type":"switch","locations":[{"start":{"line":276,"column":20},"end":{"line":277,"column":64},"skip":true},{"start":{"line":278,"column":20},"end":{"line":279,"column":40},"skip":true},{"start":{"line":280,"column":20},"end":{"line":281,"column":40},"skip":true},{"start":{"line":282,"column":20},"end":{"line":283,"column":39},"skip":true}]},"20":{"line":288,"type":"if","locations":[{"start":{"line":288,"column":8},"end":{"line":288,"column":8},"skip":true},{"start":{"line":288,"column":8},"end":{"line":288,"column":8},"skip":true}]},"21":{"line":288,"type":"binary-expr","locations":[{"start":{"line":288,"column":12},"end":{"line":288,"column":40},"skip":true},{"start":{"line":288,"column":44},"end":{"line":288,"column":67},"skip":true}]},"22":{"line":292,"type":"binary-expr","locations":[{"start":{"line":292,"column":12},"end":{"line":292,"column":50},"skip":true},{"start":{"line":293,"column":12},"end":{"line":293,"column":53},"skip":true}]},"23":{"line":297,"type":"binary-expr","locations":[{"start":{"line":297,"column":12},"end":{"line":297,"column":67},"skip":true},{"start":{"line":298,"column":12},"end":{"line":301,"column":36},"skip":true}]},"24":{"line":303,"type":"binary-expr","locations":[{"start":{"line":303,"column":43},"end":{"line":303,"column":75},"skip":true},{"start":{"line":303,"column":79},"end":{"line":303,"column":81},"skip":true}]},"25":{"line":306,"type":"if","locations":[{"start":{"line":306,"column":8},"end":{"line":306,"column":8},"skip":true},{"start":{"line":306,"column":8},"end":{"line":306,"column":8},"skip":true}]},"26":{"line":310,"type":"if","locations":[{"start":{"line":310,"column":8},"end":{"line":310,"column":8},"skip":true},{"start":{"line":310,"column":8},"end":{"line":310,"column":8},"skip":true}]},"27":{"line":313,"type":"binary-expr","locations":[{"start":{"line":313,"column":27},"end":{"line":313,"column":43},"skip":true},{"start":{"line":313,"column":47},"end":{"line":313,"column":53},"skip":true}]},"28":{"line":317,"type":"if","locations":[{"start":{"line":317,"column":12},"end":{"line":317,"column":12},"skip":true},{"start":{"line":317,"column":12},"end":{"line":317,"column":12},"skip":true}]}},"code":["/*","example.js","","quickstart example","","instruction","    1. save this script as example.js","    2. run the shell command:","        $ npm install npmtest-mysql-orm && PORT=8081 node example.js","    3. play with the browser-demo on http://127.0.0.1:8081","*/","","","","/* istanbul instrument in package npmtest_mysql_orm */","/*jslint","    bitwise: true,","    browser: true,","    maxerr: 8,","    maxlen: 96,","    node: true,","    nomen: true,","    regexp: true,","    stupid: true","*/","(function () {","    'use strict';","    var local;","","","","    // run shared js-env code - pre-init","    (function () {","        // init local","        local = {};","        // init modeJs","        local.modeJs = (function () {","            try {","                return typeof navigator.userAgent === 'string' &&","                    typeof document.querySelector('body') === 'object' &&","                    typeof XMLHttpRequest.prototype.open === 'function' &&","                    'browser';","            } catch (errorCaughtBrowser) {","                return module.exports &&","                    typeof process.versions.node === 'string' &&","                    typeof require('http').createServer === 'function' &&","                    'node';","            }","        }());","        // init global","        local.global = local.modeJs === 'browser'","            ? window","            : global;","        // init utility2_rollup","        local = local.global.utility2_rollup || (local.modeJs === 'browser'","            ? local.global.utility2_npmtest_mysql_orm","            : global.utility2_moduleExports);","        // export local","        local.global.local = local;","    }());","    switch (local.modeJs) {","","","","    // post-init","    // run browser js-env code - post-init","    /* istanbul ignore next */","    case 'browser':","        local.testRunBrowser = function (event) {","            if (!event || (event &&","                    event.currentTarget &&","                    event.currentTarget.className &&","                    event.currentTarget.className.includes &&","                    event.currentTarget.className.includes('onreset'))) {","                // reset output","                Array.from(","                    document.querySelectorAll('body > .resettable')","                ).forEach(function (element) {","                    switch (element.tagName) {","                    case 'INPUT':","                    case 'TEXTAREA':","                        element.value = '';","                        break;","                    default:","                        element.textContent = '';","                    }","                });","            }","            switch (event && event.currentTarget && event.currentTarget.id) {","            case 'testRunButton1':","                // show tests","                if (document.querySelector('#testReportDiv1').style.display === 'none') {","                    document.querySelector('#testReportDiv1').style.display = 'block';","                    document.querySelector('#testRunButton1').textContent =","                        'hide internal test';","                    local.modeTest = true;","                    local.testRunDefault(local);","                // hide tests","                } else {","                    document.querySelector('#testReportDiv1').style.display = 'none';","                    document.querySelector('#testRunButton1').textContent = 'run internal test';","                }","                break;","            // custom-case","            default:","                break;","            }","            if (document.querySelector('#inputTextareaEval1') && (!event || (event &&","                    event.currentTarget &&","                    event.currentTarget.className &&","                    event.currentTarget.className.includes &&","                    event.currentTarget.className.includes('oneval')))) {","                // try to eval input-code","                try {","                    /*jslint evil: true*/","                    eval(document.querySelector('#inputTextareaEval1').value);","                } catch (errorCaught) {","                    console.error(errorCaught);","                }","            }","        };","        // log stderr and stdout to #outputTextareaStdout1","        ['error', 'log'].forEach(function (key) {","            console[key + '_original'] = console[key];","            console[key] = function () {","                var element;","                console[key + '_original'].apply(console, arguments);","                element = document.querySelector('#outputTextareaStdout1');","                if (!element) {","                    return;","                }","                // append text to #outputTextareaStdout1","                element.value += Array.from(arguments).map(function (arg) {","                    return typeof arg === 'string'","                        ? arg","                        : JSON.stringify(arg, null, 4);","                }).join(' ') + '\\n';","                // scroll textarea to bottom","                element.scrollTop = element.scrollHeight;","            };","        });","        // init event-handling","        ['change', 'click', 'keyup'].forEach(function (event) {","            Array.from(document.querySelectorAll('.on' + event)).forEach(function (element) {","                element.addEventListener(event, local.testRunBrowser);","            });","        });","        // run tests","        local.testRunBrowser();","        break;","","","","    // run node js-env code - post-init","    /* istanbul ignore next */","    case 'node':","        // export local","        module.exports = local;","        // require modules","        local.fs = require('fs');","        local.http = require('http');","        local.url = require('url');","        // init assets","        local.assetsDict = local.assetsDict || {};","        /* jslint-ignore-begin */","        local.assetsDict['/assets.index.template.html'] = '\\","<!doctype html>\\n\\","<html lang=\"en\">\\n\\","<head>\\n\\","<meta charset=\"UTF-8\">\\n\\","<meta name=\"viewport\" content=\"width=device-width, initial-scale=1\">\\n\\","<title>{{env.npm_package_name}} (v{{env.npm_package_version}})</title>\\n\\","<style>\\n\\","/*csslint\\n\\","    box-sizing: false,\\n\\","    universal-selector: false\\n\\","*/\\n\\","* {\\n\\","    box-sizing: border-box;\\n\\","}\\n\\","body {\\n\\","    background: #dde;\\n\\","    font-family: Arial, Helvetica, sans-serif;\\n\\","    margin: 2rem;\\n\\","}\\n\\","body > * {\\n\\","    margin-bottom: 1rem;\\n\\","}\\n\\",".utility2FooterDiv {\\n\\","    margin-top: 20px;\\n\\","    text-align: center;\\n\\","}\\n\\","</style>\\n\\","<style>\\n\\","/*csslint\\n\\","*/\\n\\","textarea {\\n\\","    font-family: monospace;\\n\\","    height: 10rem;\\n\\","    width: 100%;\\n\\","}\\n\\","textarea[readonly] {\\n\\","    background: #ddd;\\n\\","}\\n\\","</style>\\n\\","</head>\\n\\","<body>\\n\\","<!-- utility2-comment\\n\\","<div id=\"ajaxProgressDiv1\" style=\"background: #d00; height: 2px; left: 0; margin: 0; padding: 0; position: fixed; top: 0; transition: background 0.5s, width 1.5s; width: 25%;\"></div>\\n\\","utility2-comment -->\\n\\","<h1>\\n\\","<!-- utility2-comment\\n\\","    <a\\n\\","        {{#if env.npm_package_homepage}}\\n\\","        href=\"{{env.npm_package_homepage}}\"\\n\\","        {{/if env.npm_package_homepage}}\\n\\","        target=\"_blank\"\\n\\","    >\\n\\","utility2-comment -->\\n\\","        {{env.npm_package_name}} (v{{env.npm_package_version}})\\n\\","<!-- utility2-comment\\n\\","    </a>\\n\\","utility2-comment -->\\n\\","</h1>\\n\\","<h3>{{env.npm_package_description}}</h3>\\n\\","<!-- utility2-comment\\n\\","<h4><a download href=\"assets.app.js\">download standalone app</a></h4>\\n\\","<button class=\"onclick onreset\" id=\"testRunButton1\">run internal test</button><br>\\n\\","<div id=\"testReportDiv1\" style=\"display: none;\"></div>\\n\\","utility2-comment -->\\n\\","\\n\\","\\n\\","\\n\\","<label>stderr and stdout</label>\\n\\","<textarea class=\"resettable\" id=\"outputTextareaStdout1\" readonly></textarea>\\n\\","<!-- utility2-comment\\n\\","{{#if isRollup}}\\n\\","<script src=\"assets.app.js\"></script>\\n\\","{{#unless isRollup}}\\n\\","utility2-comment -->\\n\\","<script src=\"assets.utility2.rollup.js\"></script>\\n\\","<script src=\"jsonp.utility2._stateInit?callback=window.utility2._stateInit\"></script>\\n\\","<script src=\"assets.npmtest_mysql_orm.rollup.js\"></script>\\n\\","<script src=\"assets.example.js\"></script>\\n\\","<script src=\"assets.test.js\"></script>\\n\\","<!-- utility2-comment\\n\\","{{/if isRollup}}\\n\\","utility2-comment -->\\n\\","<div class=\"utility2FooterDiv\">\\n\\","    [ this app was created with\\n\\","    <a href=\"https://github.com/kaizhu256/node-utility2\" target=\"_blank\">utility2</a>\\n\\","    ]\\n\\","</div>\\n\\","</body>\\n\\","</html>\\n\\","';","        /* jslint-ignore-end */","        if (local.templateRender) {","            local.assetsDict['/'] = local.templateRender(","                local.assetsDict['/assets.index.template.html'],","                {","                    env: local.objectSetDefault(local.env, {","                        npm_package_description: 'the greatest app in the world!',","                        npm_package_name: 'my-app',","                        npm_package_nameAlias: 'my_app',","                        npm_package_version: '0.0.1'","                    })","                }","            );","        } else {","            local.assetsDict['/'] = local.assetsDict['/assets.index.template.html']","                .replace((/\\{\\{env\\.(\\w+?)\\}\\}/g), function (match0, match1) {","                    // jslint-hack","                    String(match0);","                    switch (match1) {","                    case 'npm_package_description':","                        return 'the greatest app in the world!';","                    case 'npm_package_name':","                        return 'my-app';","                    case 'npm_package_nameAlias':","                        return 'my_app';","                    case 'npm_package_version':","                        return '0.0.1';","                    }","                });","        }","        // run the cli","        if (local.global.utility2_rollup || module !== require.main) {","            break;","        }","        local.assetsDict['/assets.example.js'] =","            local.assetsDict['/assets.example.js'] ||","            local.fs.readFileSync(__filename, 'utf8');","        // bug-workaround - long $npm_package_buildCustomOrg","        /* jslint-ignore-begin */","        local.assetsDict['/assets.npmtest_mysql_orm.rollup.js'] =","            local.assetsDict['/assets.npmtest_mysql_orm.rollup.js'] ||","            local.fs.readFileSync(","                local.npmtest_mysql_orm.__dirname + '/lib.npmtest_mysql_orm.js',","                'utf8'","            ).replace((/^#!/), '//');","        /* jslint-ignore-end */","        local.assetsDict['/favicon.ico'] = local.assetsDict['/favicon.ico'] || '';","        // if $npm_config_timeout_exit exists,","        // then exit this process after $npm_config_timeout_exit ms","        if (Number(process.env.npm_config_timeout_exit)) {","            setTimeout(process.exit, Number(process.env.npm_config_timeout_exit));","        }","        // start server","        if (local.global.utility2_serverHttp1) {","            break;","        }","        process.env.PORT = process.env.PORT || '8081';","        console.error('server starting on port ' + process.env.PORT);","        local.http.createServer(function (request, response) {","            request.urlParsed = local.url.parse(request.url);","            if (local.assetsDict[request.urlParsed.pathname] !== undefined) {","                response.end(local.assetsDict[request.urlParsed.pathname]);","                return;","            }","            response.statusCode = 404;","            response.end();","        }).listen(process.env.PORT);","        break;","    }","}());",""],"l":{"26":2,"28":2,"33":2,"35":2,"37":2,"38":2,"39":2,"44":1,"51":2,"55":2,"59":2,"61":2,"69":1,"70":2,"76":2,"79":2,"82":2,"83":2,"85":1,"89":2,"92":1,"93":1,"94":1,"96":1,"97":1,"100":1,"101":1,"103":1,"106":1,"108":2,"114":1,"116":1,"118":1,"123":1,"124":2,"125":2,"126":3,"127":3,"128":3,"129":3,"130":1,"133":3,"134":3,"139":3,"143":1,"144":3,"145":1,"149":1,"150":1,"158":1,"160":1,"161":1,"162":1,"164":1,"166":1,"258":1,"259":1,"271":1,"274":6,"275":6,"277":1,"279":2,"281":1,"283":2,"288":1,"289":1,"291":1,"296":1,"303":1,"306":1,"307":1,"310":1,"311":1,"313":1,"314":1,"315":1,"316":1,"317":1,"318":1,"319":1,"321":1,"322":1,"324":1}},"/home/travis/build/npmtest/node-npmtest-mysql-orm/node_modules/mysql-orm/index.js":{"path":"/home/travis/build/npmtest/node-npmtest-mysql-orm/node_modules/mysql-orm/index.js","s":{"1":1,"2":1,"3":1,"4":1,"5":1,"6":0,"7":1,"8":0,"9":1,"10":0,"11":0,"12":0,"13":0,"14":0,"15":0,"16":0,"17":0,"18":0,"19":0,"20":0,"21":0,"22":0,"23":0,"24":0,"25":0,"26":0,"27":0,"28":0,"29":0,"30":0,"31":0,"32":0,"33":0,"34":0,"35":0,"36":0,"37":0,"38":0,"39":0,"40":0,"41":0,"42":0,"43":0,"44":0,"45":0,"46":0,"47":0,"48":0,"49":0,"50":1,"51":1,"52":1,"53":1,"54":1,"55":1,"56":1,"57":1,"58":1,"59":1,"60":1,"61":1,"62":1},"b":{"1":[0,0],"2":[0,0],"3":[0,0,0,0],"4":[0,0],"5":[0,0],"6":[0,0],"7":[0,0],"8":[0,0],"9":[0,0],"10":[0,0],"11":[0,0,0],"12":[0,0]},"f":{"1":0,"2":0,"3":0,"4":0,"5":0,"6":0,"7":0,"8":0,"9":0},"fnMap":{"1":{"name":"(anonymous_1)","line":36,"loc":{"start":{"line":36,"column":24},"end":{"line":36,"column":73}}},"2":{"name":"(anonymous_2)","line":44,"loc":{"start":{"line":44,"column":23},"end":{"line":44,"column":38}}},"3":{"name":"ORM","line":163,"loc":{"start":{"line":163,"column":0},"end":{"line":163,"column":52}}},"4":{"name":"(anonymous_4)","line":186,"loc":{"start":{"line":186,"column":28},"end":{"line":186,"column":40}}},"5":{"name":"(anonymous_5)","line":203,"loc":{"start":{"line":203,"column":3},"end":{"line":203,"column":23}}},"6":{"name":"(anonymous_6)","line":209,"loc":{"start":{"line":209,"column":3},"end":{"line":209,"column":23}}},"7":{"name":"(anonymous_7)","line":213,"loc":{"start":{"line":213,"column":3},"end":{"line":213,"column":23}}},"8":{"name":"(anonymous_8)","line":219,"loc":{"start":{"line":219,"column":3},"end":{"line":219,"column":23}}},"9":{"name":"(anonymous_9)","line":226,"loc":{"start":{"line":226,"column":2},"end":{"line":226,"column":17}}}},"statementMap":{"1":{"start":{"line":14,"column":0},"end":{"line":14,"column":29}},"2":{"start":{"line":15,"column":0},"end":{"line":15,"column":29}},"3":{"start":{"line":16,"column":0},"end":{"line":16,"column":30}},"4":{"start":{"line":18,"column":0},"end":{"line":18,"column":31}},"5":{"start":{"line":36,"column":0},"end":{"line":38,"column":2}},"6":{"start":{"line":37,"column":1},"end":{"line":37,"column":55}},"7":{"start":{"line":44,"column":0},"end":{"line":46,"column":2}},"8":{"start":{"line":45,"column":1},"end":{"line":45,"column":25}},"9":{"start":{"line":163,"column":0},"end":{"line":232,"column":1}},"10":{"start":{"line":164,"column":1},"end":{"line":164,"column":17}},"11":{"start":{"line":165,"column":1},"end":{"line":165,"column":59}},"12":{"start":{"line":166,"column":1},"end":{"line":168,"column":2}},"13":{"start":{"line":167,"column":2},"end":{"line":167,"column":48}},"14":{"start":{"line":169,"column":1},"end":{"line":174,"column":2}},"15":{"start":{"line":170,"column":2},"end":{"line":170,"column":35}},"16":{"start":{"line":171,"column":2},"end":{"line":173,"column":3}},"17":{"start":{"line":172,"column":3},"end":{"line":172,"column":21}},"18":{"start":{"line":175,"column":1},"end":{"line":177,"column":2}},"19":{"start":{"line":176,"column":2},"end":{"line":176,"column":70}},"20":{"start":{"line":178,"column":1},"end":{"line":180,"column":2}},"21":{"start":{"line":179,"column":2},"end":{"line":179,"column":67}},"22":{"start":{"line":181,"column":1},"end":{"line":181,"column":34}},"23":{"start":{"line":182,"column":1},"end":{"line":182,"column":50}},"24":{"start":{"line":183,"column":1},"end":{"line":183,"column":28}},"25":{"start":{"line":184,"column":1},"end":{"line":184,"column":34}},"26":{"start":{"line":185,"column":1},"end":{"line":185,"column":29}},"27":{"start":{"line":186,"column":1},"end":{"line":190,"column":3}},"28":{"start":{"line":187,"column":2},"end":{"line":187,"column":44}},"29":{"start":{"line":188,"column":2},"end":{"line":188,"column":52}},"30":{"start":{"line":189,"column":2},"end":{"line":189,"column":49}},"31":{"start":{"line":192,"column":1},"end":{"line":199,"column":2}},"32":{"start":{"line":193,"column":2},"end":{"line":193,"column":25}},"33":{"start":{"line":194,"column":2},"end":{"line":194,"column":20}},"34":{"start":{"line":195,"column":2},"end":{"line":197,"column":3}},"35":{"start":{"line":196,"column":3},"end":{"line":196,"column":23}},"36":{"start":{"line":198,"column":2},"end":{"line":198,"column":9}},"37":{"start":{"line":201,"column":1},"end":{"line":231,"column":5}},"38":{"start":{"line":204,"column":4},"end":{"line":204,"column":60}},"39":{"start":{"line":205,"column":4},"end":{"line":205,"column":51}},"40":{"start":{"line":206,"column":4},"end":{"line":206,"column":15}},"41":{"start":{"line":210,"column":4},"end":{"line":210,"column":34}},"42":{"start":{"line":214,"column":4},"end":{"line":214,"column":27}},"43":{"start":{"line":215,"column":4},"end":{"line":215,"column":19}},"44":{"start":{"line":220,"column":4},"end":{"line":222,"column":5}},"45":{"start":{"line":221,"column":5},"end":{"line":221,"column":59}},"46":{"start":{"line":223,"column":4},"end":{"line":223,"column":19}},"47":{"start":{"line":227,"column":3},"end":{"line":227,"column":21}},"48":{"start":{"line":228,"column":3},"end":{"line":230,"column":4}},"49":{"start":{"line":229,"column":4},"end":{"line":229,"column":24}},"50":{"start":{"line":234,"column":0},"end":{"line":234,"column":19}},"51":{"start":{"line":235,"column":0},"end":{"line":235,"column":32}},"52":{"start":{"line":237,"column":0},"end":{"line":237,"column":46}},"53":{"start":{"line":238,"column":0},"end":{"line":238,"column":52}},"54":{"start":{"line":239,"column":0},"end":{"line":239,"column":50}},"55":{"start":{"line":240,"column":0},"end":{"line":240,"column":51}},"56":{"start":{"line":241,"column":0},"end":{"line":241,"column":43}},"57":{"start":{"line":242,"column":0},"end":{"line":242,"column":43}},"58":{"start":{"line":243,"column":0},"end":{"line":243,"column":45}},"59":{"start":{"line":245,"column":0},"end":{"line":245,"column":18}},"60":{"start":{"line":246,"column":0},"end":{"line":246,"column":41}},"61":{"start":{"line":247,"column":0},"end":{"line":247,"column":51}},"62":{"start":{"line":248,"column":0},"end":{"line":248,"column":46}}},"branchMap":{"1":{"line":165,"type":"binary-expr","locations":[{"start":{"line":165,"column":14},"end":{"line":165,"column":27}},{"start":{"line":165,"column":31},"end":{"line":165,"column":58}}]},"2":{"line":166,"type":"if","locations":[{"start":{"line":166,"column":1},"end":{"line":166,"column":1}},{"start":{"line":166,"column":1},"end":{"line":166,"column":1}}]},"3":{"line":166,"type":"binary-expr","locations":[{"start":{"line":166,"column":5},"end":{"line":166,"column":12}},{"start":{"line":166,"column":16},"end":{"line":166,"column":24}},{"start":{"line":166,"column":29},"end":{"line":166,"column":48}},{"start":{"line":166,"column":52},"end":{"line":166,"column":60}}]},"4":{"line":169,"type":"if","locations":[{"start":{"line":169,"column":1},"end":{"line":169,"column":1}},{"start":{"line":169,"column":1},"end":{"line":169,"column":1}}]},"5":{"line":171,"type":"if","locations":[{"start":{"line":171,"column":2},"end":{"line":171,"column":2}},{"start":{"line":171,"column":2},"end":{"line":171,"column":2}}]},"6":{"line":175,"type":"if","locations":[{"start":{"line":175,"column":1},"end":{"line":175,"column":1}},{"start":{"line":175,"column":1},"end":{"line":175,"column":1}}]},"7":{"line":178,"type":"if","locations":[{"start":{"line":178,"column":1},"end":{"line":178,"column":1}},{"start":{"line":178,"column":1},"end":{"line":178,"column":1}}]},"8":{"line":192,"type":"if","locations":[{"start":{"line":192,"column":1},"end":{"line":192,"column":1}},{"start":{"line":192,"column":1},"end":{"line":192,"column":1}}]},"9":{"line":195,"type":"if","locations":[{"start":{"line":195,"column":2},"end":{"line":195,"column":2}},{"start":{"line":195,"column":2},"end":{"line":195,"column":2}}]},"10":{"line":220,"type":"if","locations":[{"start":{"line":220,"column":4},"end":{"line":220,"column":4}},{"start":{"line":220,"column":4},"end":{"line":220,"column":4}}]},"11":{"line":220,"type":"binary-expr","locations":[{"start":{"line":220,"column":8},"end":{"line":220,"column":19}},{"start":{"line":220,"column":24},"end":{"line":220,"column":46}},{"start":{"line":220,"column":50},"end":{"line":220,"column":74}}]},"12":{"line":228,"type":"if","locations":[{"start":{"line":228,"column":3},"end":{"line":228,"column":3}},{"start":{"line":228,"column":3},"end":{"line":228,"column":3}}]}},"code":["'use strict';","/*"," * MySQL object-relational mapping"," * ==============================="," *"," * (C) 2014 Mark K Cowan <mark@battlesnake.co.uk>"," *"," * https://github.com/battlesnake/node-mysql-orm"," *"," * Released under GNU General Public License, Version 2"," *"," */","","var mysql = require('mysql');","var async = require('async');","var _ = require('underscore');","","var utils = require('./utils');","","// mysql-orm","// =========","// MySQL wrapper for nodejs with focus on foreign keys, rapid development, and","// easy deployment.","","// exports.create","// --------------","// Use this to create an ORM instance.  The parameters are passed through to the","// ORM constructor.  See the documentation for the ORM constructor, below.","// ","//     var mysqlOrm = require('mysql-orm');","//     var orm = mysqlOrm.create(schema, data, options, function (err, orm) {","//       if (err) throw err;","//       ...","//     });","// ","module.exports.create = function (schema, defaultdata, options, onready) {","\treturn new ORM(schema, defaultdata, options, onready);","};","","// names","// -----","// Returns an array of names of properties of the object excluding names that","// begin with a '$' symbol.","module.exports.names = function (obj) {","\treturn utils.names(obj);","};","","","// ORM constructor","// ---------------","//  + schema - Defines the structure of the database and the relations.","//    This is described below.","//  + defaultdata - Initial data to put in database if we (re-)create it.","//    This is described below.","//  + options - ORM configuration","//    + database - Name of the database","//    + mysql - MySQL connection parameters (felixge/node-mysql)","//    + debug - Slows the logger","//    + logLevel - Set the logging verbosity. **MUST BE >= 1**","//      1. Errors only (throws them after logging)","//      2. Warnings and level 1","//      3. Debugging info and level 2","//    + recreateDatabase - Drop the database and recreate it **DANGER**","//    + recreateTables - Drop tables and recreate them **DANGER**","//    + skipChecks - Don't check existence of database and tables (causes","//      recreate* params to be ignored), don't initialise database, onready is","// ","// ### Dataset definition","// ","//     defaultdata = {","//       table-name: [","//         { field-name: field-value, field-name: field-value, ... }","//       ],","//       table-name: [","//         ...","//       ],","//       ...","//     }","// ","//     field-value = <value> | reference-criteria","// ","// ### Example dataset using reference criteria","// ","//     var defaultdata = {","//       users: [","//         {","//           name: 'Mark',","//           age: 25,","//           country: { id: 370 },","//           role: { name: 'admin' }","//         }","//       ],","//       countries: [","//         { id: 44, name: 'United Kingdom' },","//         { id: 370, name: 'Lithuania' },","//         { id: 372: name: 'Estonia' }","//       ]","//     };","// ","// ","// ### Schema definition","// ","//     schema = {","//       [ $types: type-aliases, ]","//       table-name: table-definition,","//       table-name: table-definition,","//       ...","//     }","// ","// #### Type aliases","// ","//     type-aliases = [","//       alias-name: basic-type,","//       alias-name: basic-type,","//       ...","//     ]","// ","// #### Table definitions","// ","//     // <id: '::id'> is automatically added to all tables for now","//     table-definition = {","//       [ $primary: field-list, ]    // Not implemented yet","//       [ $sort: field-list, ]","//       field: field-definition,","//       field: field-definition,","//       ...","//     }","// ","// #### Field definitions","// ","//     field-definition = 'type-name[,index][,unique][,nullable][,cascade]'","//     ","//     field-definition =  {","//       type: type-name,","//       [ index: boolean ],","//       [ unique: boolean ],","//       [ nullable: boolean ],","//       [ default: value ],","//       [ onDelete: reference-option ],","//       [ onUpdate: reference-option ],","//       [ references: field-definition | table-name ]    // Not tested yet","//     }","// ","// #### Types","// ","//     type-name = alias-name | basic-type","// ","//     basic-type = database-type | reference-type","// ","//     database-type = 'VARCHAR(16)', 'TIMESTAMP', 'BIT', 'INTEGER', etc","// ","//     reference-type = ':table-name'","// ","// #### Field list","// ","//     field-list = 'field-name' | ['field-name', 'field-name', ...]","// ","// #### Reference option","// ","//     reference-option = 'set null' | 'cascade' | 'ignore'","// ","// ","function ORM(schema, defaultdata, options, onready) {","\tvar self = this;","\tthis.debug = options.debug || process.env.DEBUG_MYSQL_ORM;","\tif (!schema || !options || (!options.skipChecks && !onready)) {","\t\tthrow new Error('Required parameter missing');","\t}","\tif (_(options).has('logLevel')) {","\t\tthis.logLevel = options.logLevel;","\t\tif (process.env.DEBUG_MYSQL_ORM) {","\t\t\tthis.logLevel = 9;","\t\t}","\t}","\tif (!options.database) {","\t\tthrow new Error('Compulsory option (lol) `database` not specified');","\t}","\tif (!options.mysql) {","\t\tthrow new Error('Compulsory option (lol) `mysql` not specified');","\t}","\tthis.database = options.database;","\tthis.schema = JSON.parse(JSON.stringify(schema));","\tthis.types = schema.$types;","\tInternal.initialise_schema(this);","\tInternal.parse_schema(this);","\tvar createConnectionPool = function () {","\t\toptions.mysql.database = options.database;","\t\tself.connection = mysql.createPool(options.mysql);","\t\tself.query = self.loggedQuery(self.connection);","\t};","\t/* No checks - connect to the DB and return synchronously */","\tif (options.skipChecks) {","\t\tcreateConnectionPool();","\t\tself.ready = true;","\t\tif (_(onready).isFunction()) {","\t\t\tonready(null, self);","\t\t}","\t\treturn;","\t}","\t/* Statup checks */","\tasync.series([","\t\t\t/* Create database */","\t\t\tfunction (callback) {","\t\t\t\tself.connection = mysql.createConnection(options.mysql);","\t\t\t\tself.query = self.loggedQuery(self.connection);","\t\t\t\tcallback();","\t\t\t},","\t\t\tasync.apply(Internal.create_database, self, options.recreateDatabase),","\t\t\tfunction (callback) {","\t\t\t\tself.connection.end(callback);","\t\t\t},","\t\t\t/* Create connection pool */","\t\t\tfunction (callback) {","\t\t\t\tcreateConnectionPool();","\t\t\t\tcallback(null);","\t\t\t},","\t\t\t/* Create tables and initialize data */","\t\t\tasync.apply(Internal.create_tables, self, options.recreateTables),","\t\t\tfunction (callback) {","\t\t\t\tif (defaultdata && (options.recreateTables || options.recreateDatabase)) {","\t\t\t\t\treturn self.saveMultipleTables(defaultdata, callback);","\t\t\t\t}","\t\t\t\tcallback(null);","\t\t\t}","\t\t],","\t\tfunction (err) {","\t\t\tself.ready = true;","\t\t\tif (_(onready).isFunction()) {","\t\t\t\tonready(null, self);","\t\t\t}","\t\t});","}","","ORM.prototype = {};","ORM.prototype.constructor = ORM;","","_(ORM.prototype).extend(require('./logging'));","_(ORM.prototype).extend(require('./logging-query'));","_(ORM.prototype).extend(require('./transaction'));","_(ORM.prototype).extend(require('./foreign-keys'));","_(ORM.prototype).extend(require('./save'));","_(ORM.prototype).extend(require('./load'));","_(ORM.prototype).extend(require('./delete'));","","var Internal = {};","_(Internal).extend(require('./autogen'));","_(Internal).extend(require('./initialise-schema'));","_(Internal).extend(require('./parse-schema'));","","",""],"l":{"14":1,"15":1,"16":1,"18":1,"36":1,"37":0,"44":1,"45":0,"163":1,"164":0,"165":0,"166":0,"167":0,"169":0,"170":0,"171":0,"172":0,"175":0,"176":0,"178":0,"179":0,"181":0,"182":0,"183":0,"184":0,"185":0,"186":0,"187":0,"188":0,"189":0,"192":0,"193":0,"194":0,"195":0,"196":0,"198":0,"201":0,"204":0,"205":0,"206":0,"210":0,"214":0,"215":0,"220":0,"221":0,"223":0,"227":0,"228":0,"229":0,"234":1,"235":1,"237":1,"238":1,"239":1,"240":1,"241":1,"242":1,"243":1,"245":1,"246":1,"247":1,"248":1}},"/home/travis/build/npmtest/node-npmtest-mysql-orm/node_modules/mysql-orm/utils.js":{"path":"/home/travis/build/npmtest/node-npmtest-mysql-orm/node_modules/mysql-orm/utils.js","s":{"1":1,"2":1,"3":1,"4":1,"5":0,"6":1,"7":0,"8":0,"9":1,"10":0,"11":0,"12":0,"13":0,"14":0,"15":0,"16":0,"17":0,"18":0,"19":0,"20":0,"21":0,"22":0,"23":0,"24":0,"25":0,"26":0,"27":0,"28":0,"29":0,"30":0,"31":0,"32":0,"33":0,"34":0,"35":0,"36":0,"37":0,"38":0,"39":0,"40":0,"41":0,"42":0,"43":0,"44":0,"45":0,"46":0},"b":{"1":[0,0],"2":[0,0],"3":[0,0],"4":[0,0],"5":[0,0],"6":[0,0],"7":[0,0],"8":[0,0,0],"9":[0,0],"10":[0,0],"11":[0,0],"12":[0,0],"13":[0,0],"14":[0,0],"15":[0,0],"16":[0,0],"17":[0,0]},"f":{"1":0,"2":0,"3":0,"4":0,"5":0,"6":0,"7":0,"8":0,"9":0,"10":0},"fnMap":{"1":{"name":"(anonymous_1)","line":27,"loc":{"start":{"line":27,"column":24},"end":{"line":27,"column":39}}},"2":{"name":"(anonymous_2)","line":36,"loc":{"start":{"line":36,"column":23},"end":{"line":36,"column":38}}},"3":{"name":"(anonymous_3)","line":38,"loc":{"start":{"line":38,"column":2},"end":{"line":38,"column":17}}},"4":{"name":"(anonymous_4)","line":49,"loc":{"start":{"line":49,"column":28},"end":{"line":49,"column":61}}},"5":{"name":"(anonymous_5)","line":52,"loc":{"start":{"line":52,"column":17},"end":{"line":52,"column":29}}},"6":{"name":"(anonymous_6)","line":57,"loc":{"start":{"line":57,"column":18},"end":{"line":57,"column":30}}},"7":{"name":"(anonymous_7)","line":62,"loc":{"start":{"line":62,"column":18},"end":{"line":62,"column":30}}},"8":{"name":"(anonymous_8)","line":76,"loc":{"start":{"line":76,"column":20},"end":{"line":76,"column":32}}},"9":{"name":"(anonymous_9)","line":83,"loc":{"start":{"line":83,"column":16},"end":{"line":83,"column":28}}},"10":{"name":"(anonymous_10)","line":102,"loc":{"start":{"line":102,"column":19},"end":{"line":102,"column":31}}}},"statementMap":{"1":{"start":{"line":15,"column":0},"end":{"line":15,"column":29}},"2":{"start":{"line":16,"column":0},"end":{"line":16,"column":29}},"3":{"start":{"line":17,"column":0},"end":{"line":17,"column":30}},"4":{"start":{"line":27,"column":0},"end":{"line":29,"column":2}},"5":{"start":{"line":28,"column":1},"end":{"line":28,"column":42}},"6":{"start":{"line":36,"column":0},"end":{"line":41,"column":2}},"7":{"start":{"line":37,"column":1},"end":{"line":40,"column":5}},"8":{"start":{"line":39,"column":3},"end":{"line":39,"column":61}},"9":{"start":{"line":49,"column":0},"end":{"line":109,"column":2}},"10":{"start":{"line":50,"column":1},"end":{"line":50,"column":29}},"11":{"start":{"line":51,"column":1},"end":{"line":51,"column":17}},"12":{"start":{"line":52,"column":1},"end":{"line":55,"column":6}},"13":{"start":{"line":53,"column":2},"end":{"line":54,"column":28}},"14":{"start":{"line":56,"column":1},"end":{"line":75,"column":2}},"15":{"start":{"line":57,"column":2},"end":{"line":59,"column":7}},"16":{"start":{"line":58,"column":3},"end":{"line":58,"column":23}},"17":{"start":{"line":62,"column":2},"end":{"line":74,"column":7}},"18":{"start":{"line":63,"column":3},"end":{"line":63,"column":28}},"19":{"start":{"line":64,"column":3},"end":{"line":73,"column":4}},"20":{"start":{"line":65,"column":4},"end":{"line":65,"column":29}},"21":{"start":{"line":67,"column":8},"end":{"line":73,"column":4}},"22":{"start":{"line":68,"column":4},"end":{"line":68,"column":17}},"23":{"start":{"line":71,"column":4},"end":{"line":71,"column":70}},"24":{"start":{"line":76,"column":1},"end":{"line":82,"column":6}},"25":{"start":{"line":77,"column":2},"end":{"line":77,"column":28}},"26":{"start":{"line":78,"column":2},"end":{"line":80,"column":3}},"27":{"start":{"line":79,"column":3},"end":{"line":79,"column":50}},"28":{"start":{"line":81,"column":2},"end":{"line":81,"column":18}},"29":{"start":{"line":83,"column":1},"end":{"line":100,"column":6}},"30":{"start":{"line":84,"column":2},"end":{"line":84,"column":26}},"31":{"start":{"line":85,"column":2},"end":{"line":87,"column":3}},"32":{"start":{"line":86,"column":3},"end":{"line":86,"column":15}},"33":{"start":{"line":88,"column":2},"end":{"line":90,"column":3}},"34":{"start":{"line":89,"column":3},"end":{"line":89,"column":13}},"35":{"start":{"line":91,"column":2},"end":{"line":98,"column":3}},"36":{"start":{"line":92,"column":3},"end":{"line":96,"column":4}},"37":{"start":{"line":93,"column":4},"end":{"line":95,"column":24}},"38":{"start":{"line":97,"column":3},"end":{"line":97,"column":55}},"39":{"start":{"line":99,"column":2},"end":{"line":99,"column":14}},"40":{"start":{"line":101,"column":1},"end":{"line":101,"column":16}},"41":{"start":{"line":102,"column":1},"end":{"line":106,"column":6}},"42":{"start":{"line":103,"column":2},"end":{"line":103,"column":29}},"43":{"start":{"line":104,"column":2},"end":{"line":104,"column":42}},"44":{"start":{"line":105,"column":2},"end":{"line":105,"column":23}},"45":{"start":{"line":107,"column":1},"end":{"line":107,"column":32}},"46":{"start":{"line":108,"column":1},"end":{"line":108,"column":15}}},"branchMap":{"1":{"line":39,"type":"binary-expr","locations":[{"start":{"line":39,"column":10},"end":{"line":39,"column":31}},{"start":{"line":39,"column":35},"end":{"line":39,"column":60}}]},"2":{"line":53,"type":"cond-expr","locations":[{"start":{"line":54,"column":3},"end":{"line":54,"column":15}},{"start":{"line":54,"column":18},"end":{"line":54,"column":27}}]},"3":{"line":53,"type":"binary-expr","locations":[{"start":{"line":53,"column":10},"end":{"line":53,"column":33}},{"start":{"line":53,"column":37},"end":{"line":53,"column":61}}]},"4":{"line":56,"type":"if","locations":[{"start":{"line":56,"column":1},"end":{"line":56,"column":1}},{"start":{"line":56,"column":1},"end":{"line":56,"column":1}}]},"5":{"line":64,"type":"if","locations":[{"start":{"line":64,"column":3},"end":{"line":64,"column":3}},{"start":{"line":64,"column":3},"end":{"line":64,"column":3}}]},"6":{"line":64,"type":"binary-expr","locations":[{"start":{"line":64,"column":7},"end":{"line":64,"column":26}},{"start":{"line":64,"column":30},"end":{"line":64,"column":54}}]},"7":{"line":67,"type":"if","locations":[{"start":{"line":67,"column":8},"end":{"line":67,"column":8}},{"start":{"line":67,"column":8},"end":{"line":67,"column":8}}]},"8":{"line":67,"type":"binary-expr","locations":[{"start":{"line":67,"column":12},"end":{"line":67,"column":31}},{"start":{"line":67,"column":35},"end":{"line":67,"column":58}},{"start":{"line":67,"column":62},"end":{"line":67,"column":90}}]},"9":{"line":78,"type":"if","locations":[{"start":{"line":78,"column":2},"end":{"line":78,"column":2}},{"start":{"line":78,"column":2},"end":{"line":78,"column":2}}]},"10":{"line":85,"type":"if","locations":[{"start":{"line":85,"column":2},"end":{"line":85,"column":2}},{"start":{"line":85,"column":2},"end":{"line":85,"column":2}}]},"11":{"line":88,"type":"if","locations":[{"start":{"line":88,"column":2},"end":{"line":88,"column":2}},{"start":{"line":88,"column":2},"end":{"line":88,"column":2}}]},"12":{"line":88,"type":"binary-expr","locations":[{"start":{"line":88,"column":6},"end":{"line":88,"column":22}},{"start":{"line":88,"column":26},"end":{"line":88,"column":47}}]},"13":{"line":91,"type":"if","locations":[{"start":{"line":91,"column":2},"end":{"line":91,"column":2}},{"start":{"line":91,"column":2},"end":{"line":91,"column":2}}]},"14":{"line":91,"type":"binary-expr","locations":[{"start":{"line":91,"column":6},"end":{"line":91,"column":24}},{"start":{"line":91,"column":28},"end":{"line":91,"column":46}}]},"15":{"line":92,"type":"if","locations":[{"start":{"line":92,"column":3},"end":{"line":92,"column":3}},{"start":{"line":92,"column":3},"end":{"line":92,"column":3}}]},"16":{"line":104,"type":"binary-expr","locations":[{"start":{"line":104,"column":15},"end":{"line":104,"column":24}},{"start":{"line":104,"column":28},"end":{"line":104,"column":41}}]},"17":{"line":105,"type":"binary-expr","locations":[{"start":{"line":105,"column":9},"end":{"line":105,"column":16}},{"start":{"line":105,"column":20},"end":{"line":105,"column":22}}]}},"code":["'use strict';","","/*"," * MySQL object-relational mapping"," * ==============================="," *"," * (C) 2014 Mark K Cowan <mark@battlesnake.co.uk>"," *"," * https://github.com/battlesnake/node-mysql-orm"," *"," * Released under GNU General Public License, Version 2"," *"," */","","var mysql = require('mysql');","var async = require('async');","var _ = require('underscore');","","// util","// ====","// Internally-used utilities","","// indent","// ------","// Indents a multiline string","//","module.exports.indent = function (str) {","\treturn '\\t' + str.replace(/\\n/g, '\\n\\t');","};","","// names","// -----","// Get a list of object names within the given object.  Returns all field names","// that don't begin with `$` and that aren't functions.","//","module.exports.names = function (obj) {","\treturn _(obj).keys().filter(","\t\tfunction (key) {","\t\t\treturn key.charAt(0) !== '$' && !_(obj[key]).isFunction();","\t\t});","};","","// args","// ----","// Arguments parser for:","//","//     function ([query, ] table|field, [criteria, [options, ]] callback)","//","module.exports.parse_args = function (orm, args, wantsField) {","\targs = [].slice.apply(args);","\tvar params = {};","\tparams.query = (function () {","\t\treturn (_(args[0]).isFunction() && args[0].name === 'query') ?","\t\t\targs.shift() : orm.query;","\t})();","\tif (wantsField) {","\t\tparams.field = (function () {","\t\t\treturn args.shift();","\t\t})();","\t}","\telse {","\t\tparams.table = (function () {","\t\t\tvar table = args.shift();","\t\t\tif (_(table).isString() && _(orm.schema).has(table)) {","\t\t\t\treturn orm.schema[table];","\t\t\t}","\t\t\telse if (_(table).isObject() && table.$type === 'table' && table.$schema === orm.schema) {","\t\t\t\treturn table;","\t\t\t}","\t\t\telse {","\t\t\t\tthrow new Error('Cannot resolve table: ' + JSON.stringify(table));","\t\t\t\t//return table;","\t\t\t}","\t\t})();","\t}","\tparams.callback = (function () {","\t\tvar callback = args.pop();","\t\tif (!_(callback).isFunction()) {","\t\t\tthrow new Error('Callback is not a function!');","\t\t}","\t\treturn callback;","\t})();","\tparams.data = (function () {","\t\tvar data = args.shift();","\t\tif (wantsField) {","\t\t\treturn data;","\t\t}","\t\tif (_(data).isNull() || _(data).isUndefined()) {","\t\t\treturn {};","\t\t}","\t\tif (_(data).isString() || _(data).isNumber()) {","\t\t\tif (params.table.$primary.length !== 1) {","\t\t\t\treturn callback(new Error('Table \"' + params.table.$name +","\t\t\t\t\t'\" has no simple primary key, please specify a search ' +","\t\t\t\t\t'key explicitly'));","\t\t\t}","\t\t\treturn _.object([params.table.$primary[0]], [data]);","\t\t}","\t\treturn data;","\t})();","\tvar hasOptions;","\tparams.options = (function () {","\t\tvar options = args.shift();","\t\thasOptions = !!options && options != {};","\t\treturn options || {};","\t})();","\tparams.hasOptions = hasOptions;","\treturn params;","};",""],"l":{"15":1,"16":1,"17":1,"27":1,"28":0,"36":1,"37":0,"39":0,"49":1,"50":0,"51":0,"52":0,"53":0,"56":0,"57":0,"58":0,"62":0,"63":0,"64":0,"65":0,"67":0,"68":0,"71":0,"76":0,"77":0,"78":0,"79":0,"81":0,"83":0,"84":0,"85":0,"86":0,"88":0,"89":0,"91":0,"92":0,"93":0,"97":0,"99":0,"101":0,"102":0,"103":0,"104":0,"105":0,"107":0,"108":0}},"/home/travis/build/npmtest/node-npmtest-mysql-orm/node_modules/mysql-orm/logging.js":{"path":"/home/travis/build/npmtest/node-npmtest-mysql-orm/node_modules/mysql-orm/logging.js","s":{"1":1,"2":1,"3":1,"4":1,"5":1,"6":0,"7":0,"8":1,"9":0,"10":0,"11":0,"12":0,"13":1,"14":0,"15":0,"16":0,"17":0,"18":0,"19":0,"20":1,"21":0,"22":0,"23":0,"24":0,"25":0,"26":1,"27":0,"28":0,"29":0,"30":1,"31":0,"32":0},"b":{"1":[0,0],"2":[0,0],"3":[0,0],"4":[0,0],"5":[0,0],"6":[0,0],"7":[0,0]},"f":{"1":0,"2":0,"3":0,"4":0,"5":0,"6":0},"fnMap":{"1":{"name":"sleep","line":43,"loc":{"start":{"line":43,"column":0},"end":{"line":43,"column":22}}},"2":{"name":"(anonymous_2)","line":65,"loc":{"start":{"line":65,"column":20},"end":{"line":65,"column":42}}},"3":{"name":"(anonymous_3)","line":84,"loc":{"start":{"line":84,"column":22},"end":{"line":84,"column":37}}},"4":{"name":"(anonymous_4)","line":103,"loc":{"start":{"line":103,"column":21},"end":{"line":103,"column":36}}},"5":{"name":"(anonymous_5)","line":121,"loc":{"start":{"line":121,"column":21},"end":{"line":121,"column":36}}},"6":{"name":"(anonymous_6)","line":138,"loc":{"start":{"line":138,"column":21},"end":{"line":138,"column":36}}}},"statementMap":{"1":{"start":{"line":14,"column":0},"end":{"line":14,"column":31}},"2":{"start":{"line":16,"column":0},"end":{"line":16,"column":28}},"3":{"start":{"line":17,"column":0},"end":{"line":17,"column":31}},"4":{"start":{"line":40,"column":0},"end":{"line":40,"column":27}},"5":{"start":{"line":43,"column":0},"end":{"line":51,"column":1}},"6":{"start":{"line":49,"column":1},"end":{"line":49,"column":41}},"7":{"start":{"line":50,"column":1},"end":{"line":50,"column":38}},"8":{"start":{"line":65,"column":0},"end":{"line":69,"column":1}},"9":{"start":{"line":66,"column":1},"end":{"line":66,"column":63}},"10":{"start":{"line":67,"column":1},"end":{"line":67,"column":27}},"11":{"start":{"line":67,"column":17},"end":{"line":67,"column":27}},"12":{"start":{"line":68,"column":1},"end":{"line":68,"column":12}},"13":{"start":{"line":84,"column":0},"end":{"line":91,"column":1}},"14":{"star
[...]
}},"13":{"start":{"line":47,"column":3},"end":{"line":47,"column":30}},"14":{"start":{"line":48,"column":3},"end":{"line":51,"column":4}},"15":{"start":{"line":49,"column":4},"end":{"line":50,"column":18}},"16":{"start":{"line":53,"column":2},"end":{"line":53,"column":30}},"17":{"start":{"line":55,"column":1},"end":{"line":55,"column":39}},"18":{"start":{"line":57,"column":1},"end":{"line":126,"column":4}},"19":{"start":{"line":58,"column":2},"end":{"line":58,"column":32}},"20":{"start":{"line":59,"column":2},"end":{"line":125,"column":5}},"21":{"start":{"line":60,"column":3},"end":{"line":60,"column":32}},"22":{"start":{"line":62,"column":3},"end":{"line":64,"column":4}},"23":{"start":{"line":63,"column":4},"end":{"line":63,"column":47}},"24":{"start":{"line":66,"column":3},"end":{"line":66,"column":28}},"25":{"start":{"line":68,"column":3},"end":{"line":79,"column":4}},"26":{"start":{"line":69,"column":4},"end":{"line":69,"column":27}},"27":{"start":{"line":70,"column":4},"end":{"line":70,"column":32}},"28":{"start":{"line":71,"column":4},"end":{"line":77,"column":5}},"29":{"start":{"line":74,"column":5},"end":{"line":76,"column":34}},"30":{"start":{"line":78,"column":4},"end":{"line":78,"column":33}},"31":{"start":{"line":81,"column":3},"end":{"line":81,"column":63}},"32":{"start":{"line":82,"column":3},"end":{"line":90,"column":4}},"33":{"start":{"line":83,"column":4},"end":{"line":83,"column":69}},"34":{"start":{"line":84,"column":4},"end":{"line":86,"column":6}},"35":{"start":{"line":85,"column":5},"end":{"line":85,"column":66}},"36":{"start":{"line":87,"column":4},"end":{"line":89,"column":6}},"37":{"start":{"line":88,"column":5},"end":{"line":88,"column":68}},"38":{"start":{"line":92,"column":3},"end":{"line":94,"column":4}},"39":{"start":{"line":93,"column":4},"end":{"line":93,"column":38}},"40":{"start":{"line":96,"column":3},"end":{"line":105,"column":4}},"41":{"start":{"line":97,"column":4},"end":{"line":101,"column":5}},"42":{"start":{"line":98,"column":5},"end":{"line":100,"column":52}},"43":{"start":{"line":102,"column":4},"end":{"line":102,"column":44}},"44":{"start":{"line":103,"column":4},"end":{"line":103,"column":22}},"45":{"start":{"line":104,"column":4},"end":{"line":104,"column":30}},"46":{"start":{"line":107,"column":3},"end":{"line":109,"column":4}},"47":{"start":{"line":108,"column":4},"end":{"line":108,"column":25}},"48":{"start":{"line":111,"column":3},"end":{"line":113,"column":4}},"49":{"start":{"line":112,"column":4},"end":{"line":112,"column":39}},"50":{"start":{"line":115,"column":3},"end":{"line":117,"column":4}},"51":{"start":{"line":116,"column":4},"end":{"line":116,"column":41}},"52":{"start":{"line":119,"column":3},"end":{"line":124,"column":4}},"53":{"start":{"line":120,"column":4},"end":{"line":121,"column":65}},"54":{"start":{"line":122,"column":4},"end":{"line":123,"column":65}},"55":{"start":{"line":128,"column":1},"end":{"line":133,"column":4}},"56":{"start":{"line":129,"column":2},"end":{"line":132,"column":3}},"57":{"start":{"line":130,"column":3},"end":{"line":131,"column":22}},"58":{"start":{"line":135,"column":1},"end":{"line":140,"column":4}},"59":{"start":{"line":136,"column":2},"end":{"line":139,"column":15}},"60":{"start":{"line":142,"column":1},"end":{"line":142,"column":53}},"61":{"start":{"line":143,"column":1},"end":{"line":158,"column":2}},"62":{"start":{"line":144,"column":2},"end":{"line":157,"column":3}},"63":{"start":{"line":146,"column":4},"end":{"line":150,"column":5}},"64":{"start":{"line":147,"column":5},"end":{"line":147,"column":40}},"65":{"start":{"line":148,"column":5},"end":{"line":148,"column":32}},"66":{"start":{"line":149,"column":5},"end":{"line":149,"column":17}},"67":{"start":{"line":151,"column":4},"end":{"line":151,"column":17}},"68":{"start":{"line":153,"column":3},"end":{"line":156,"column":52}},"69":{"start":{"line":165,"column":0},"end":{"line":197,"column":1}},"70":{"start":{"line":166,"column":1},"end":{"line":169,"column":3}},"71":{"start":{"line":167,"column":2},"end":{"line":168,"column":15}},"72":{"start":{"line":170,"column":1},"end":{"line":170,"column":27}},"73":{"start":{"line":171,"column":1},"end":{"line":173,"column":2}},"74":{"start":{"line":172,"column":2},"end":{"line":172,"column":61}},"75":{"start":{"line":174,"column":1},"end":{"line":174,"column":26}},"76":{"start":{"line":175,"column":1},"end":{"line":177,"column":2}},"77":{"start":{"line":176,"column":2},"end":{"line":176,"column":73}},"78":{"start":{"line":178,"column":1},"end":{"line":178,"column":26}},"79":{"start":{"line":179,"column":1},"end":{"line":191,"column":2}},"80":{"start":{"line":180,"column":2},"end":{"line":189,"column":3}},"81":{"start":{"line":181,"column":3},"end":{"line":183,"column":45}},"82":{"start":{"line":185,"column":2},"end":{"line":189,"column":3}},"83":{"start":{"line":186,"column":3},"end":{"line":188,"column":16}},"84":{"start":{"line":190,"column":2},"end":{"line":190,"column":40}},"85":{"start":{"line":192,"column":1},"end":{"line":195,"column":2}},"86":{"start":{"line":193,"column":2},"end":{"line":194,"column":47}},"87":{"start":{"line":196,"column":1},"end":{"line":196,"column":33}},"88":{"start":{"line":203,"column":0},"end":{"line":209,"column":1}},"89":{"start":{"line":204,"column":1},"end":{"line":204,"column":29}},"90":{"start":{"line":205,"column":1},"end":{"line":207,"column":2}},"91":{"start":{"line":206,"column":2},"end":{"line":206,"column":54}},"92":{"start":{"line":208,"column":1},"end":{"line":208,"column":14}}},"branchMap":{"1":{"line":46,"type":"binary-expr","locations":[{"start":{"line":46,"column":9},"end":{"line":46,"column":35}},{"start":{"line":46,"column":39},"end":{"line":46,"column":67}}]},"2":{"line":48,"type":"if","locations":[{"start":{"line":48,"column":3},"end":{"line":48,"column":3}},{"start":{"line":48,"column":3},"end":{"line":48,"column":3}}]},"3":{"line":62,"type":"if","locations":[{"start":{"line":62,"column":3},"end":{"line":62,"column":3}},{"start":{"line":62,"column":3},"end":{"line":62,"column":3}}]},"4":{"line":68,"type":"if","locations":[{"start":{"line":68,"column":3},"end":{"line":68,"column":3}},{"start":{"line":68,"column":3},"end":{"line":68,"column":3}}]},"5":{"line":71,"type":"if","locations":[{"start":{"line":71,"column":4},"end":{"line":71,"column":4}},{"start":{"line":71,"column":4},"end":{"line":71,"column":4}}]},"6":{"line":71,"type":"binary-expr","locations":[{"start":{"line":71,"column":8},"end":{"line":71,"column":33}},{"start":{"line":72,"column":5},"end":{"line":73,"column":41}}]},"7":{"line":72,"type":"binary-expr","locations":[{"start":{"line":72,"column":7},"end":{"line":72,"column":36}},{"start":{"line":73,"column":9},"end":{"line":73,"column":40}}]},"8":{"line":82,"type":"if","locations":[{"start":{"line":82,"column":3},"end":{"line":82,"column":3}},{"start":{"line":82,"column":3},"end":{"line":82,"column":3}}]},"9":{"line":83,"type":"cond-expr","locations":[{"start":{"line":83,"column":28},"end":{"line":83,"column":55}},{"start":{"line":83,"column":58},"end":{"line":83,"column":68}}]},"10":{"line":85,"type":"cond-expr","locations":[{"start":{"line":85,"column":48},"end":{"line":85,"column":60}},{"start":{"line":85,"column":63},"end":{"line":85,"column":64}}]},"11":{"line":88,"type":"cond-expr","locations":[{"start":{"line":88,"column":39},"end":{"line":88,"column":51}},{"start":{"line":88,"column":54},"end":{"line":88,"column":67}}]},"12":{"line":88,"type":"binary-expr","locations":[{"start":{"line":88,"column":13},"end":{"line":88,"column":23}},{"start":{"line":88,"column":27},"end":{"line":88,"column":35}}]},"13":{"line":92,"type":"if","locations":[{"start":{"line":92,"column":3},"end":{"line":92,"column":3}},{"start":{"line":92,"column":3},"end":{"line":92,"column":3}}]},"14":{"line":96,"type":"if","locations":[{"start":{"line":96,"column":3},"end":{"line":96,"column":3}},{"start":{"line":96,"column":3},"end":{"line":96,"column":3}}]},"15":{"line":97,"type":"if","locations":[{"start":{"line":97,"column":4},"end":{"line":97,"column":4}},{"start":{"line":97,"column":4},"end":{"line":97,"column":4}}]},"16":{"line":107,"type":"if","locations":[{"start":{"line":107,"column":3},"end":{"line":107,"column":3}},{"start":{"line":107,"column":3},"end":{"line":107,"column":3}}]},"17":{"line":111,"type":"if","locations":[{"start":{"line":111,"column":3},"end":{"line":111,"column":3}},{"start":{"line":111,"column":3},"end":{"line":111,"column":3}}]},"18":{"line":111,"type":"binary-expr","locations":[{"start":{"line":111,"column":7},"end":{"line":111,"column":18}},{"start":{"line":111,"column":22},"end":{"line":111,"column":48}}]},"19":{"line":115,"type":"if","locations":[{"start":{"line":115,"column":3},"end":{"line":115,"column":3}},{"start":{"line":115,"column":3},"end":{"line":115,"column":3}}]},"20":{"line":115,"type":"binary-expr","locations":[{"start":{"line":115,"column":7},"end":{"line":115,"column":19}},{"start":{"line":115,"column":23},"end":{"line":115,"column":50}}]},"21":{"line":119,"type":"if","locations":[{"start":{"line":119,"column":3},"end":{"line":119,"column":3}},{"start":{"line":119,"column":3},"end":{"line":119,"column":3}}]},"22":{"line":121,"type":"cond-expr","locations":[{"start":{"line":121,"column":36},"end":{"line":121,"column":50}},{"start":{"line":121,"column":53},"end":{"line":121,"column":63}}]},"23":{"line":123,"type":"cond-expr","locations":[{"start":{"line":123,"column":36},"end":{"line":123,"column":50}},{"start":{"line":123,"column":53},"end":{"line":123,"column":63}}]},"24":{"line":129,"type":"if","locations":[{"start":{"line":129,"column":2},"end":{"line":129,"column":2}},{"start":{"line":129,"column":2},"end":{"line":129,"column":2}}]},"25":{"line":144,"type":"if","locations":[{"start":{"line":144,"column":2},"end":{"line":144,"column":2}},{"start":{"line":144,"column":2},"end":{"line":144,"column":2}}]},"26":{"line":146,"type":"if","locations":[{"start":{"line":146,"column":4},"end":{"line":146,"column":4}},{"start":{"line":146,"column":4},"end":{"line":146,"column":4}}]},"27":{"line":146,"type":"binary-expr","locations":[{"start":{"line":146,"column":8},"end":{"line":146,"column":29}},{"start":{"line":146,"column":33},"end":{"line":146,"column":64}}]},"28":{"line":171,"type":"if","locations":[{"start":{"line":171,"column":1},"end":{"line":171,"column":1}},{"start":{"line":171,"column":1},"end":{"line":171,"column":1}}]},"29":{"line":175,"type":"if","locations":[{"start":{"line":175,"column":1},"end":{"line":175,"column":1}},{"start":{"line":175,"column":1},"end":{"line":175,"column":1}}]},"30":{"line":175,"type":"binary-expr","locations":[{"start":{"line":175,"column":5},"end":{"line":175,"column":28}},{"start":{"line":175,"column":32},"end":{"line":175,"column":57}}]},"31":{"line":179,"type":"if","locations":[{"start":{"line":179,"column":1},"end":{"line":179,"column":1}},{"start":{"line":179,"column":1},"end":{"line":179,"column":1}}]},"32":{"line":180,"type":"if","locations":[{"start":{"line":180,"column":2},"end":{"line":180,"column":2}},{"start":{"line":180,"column":2},"end":{"line":180,"column":2}}]},"33":{"line":185,"type":"if","locations":[{"start":{"line":185,"column":2},"end":{"line":185,"column":2}},{"start":{"line":185,"column":2},"end":{"line":185,"column":2}}]},"34":{"line":192,"type":"if","locations":[{"start":{"line":192,"column":1},"end":{"line":192,"column":1}},{"start":{"line":192,"column":1},"end":{"line":192,"column":1}}]},"35":{"line":192,"type":"binary-expr","locations":[{"start":{"line":192,"column":5},"end":{"line":192,"column":28}},{"start":{"line":192,"column":32},"end":{"line":192,"column":64}}]},"36":{"line":205,"type":"if","locations":[{"start":{"line":205,"column":1},"end":{"line":205,"column":1}},{"start":{"line":205,"column":1},"end":{"line":205,"column":1}}]}},"code":["'use strict';","","/*"," * MySQL object-relational mapping"," * ==============================="," *"," * (C) 2014 Mark K Cowan <mark@battlesnake.co.uk>"," *"," * https://github.com/battlesnake/node-mysql-orm"," *"," * Released under GNU General Public License, Version 2"," *"," */","","var mysql = require('mysql');","var async = require('async');","var _ = require('underscore');","","var utils = require('./utils');","var names = utils.names;","var indent = utils.indent;","","// parse-schema","// ============","//","// This module is used internally, you should never need to call it yourself.","//","","// parse_schema","// ------------","// Parses the schema and validates some aspects of it:","//  + Resolves type aliases in `schema.$types` and in `field.type`.","//  + Resolves references in `field.type` and `field.references`.","//  + Resolves types for implicit references","//  + Generates names for keys (index/unique) if none was explicity specified.","//  + Generates names for foreign keys, stores in `field.$fkname`.","//  + Stores looked-up type in `field.$type`; `field.type` may be overwritten","//    for implicit references by the type of the referred field.","//","module.exports.parse_schema = parse_schema;","function parse_schema(orm) {","\tvar schema = orm.schema;","\t/* Resolve aliases */","\tnames(schema.$types).forEach(function resolve_alias(alias) {","\t\tvar type = schema.$types[alias];","\t\twhile (_(schema.$types).has(type) && schema.$types[type] !== type) {","\t\t\ttype = schema.$types[type];","\t\t\tif (type === alias) {","\t\t\t\treturn orm.error('Circular type alias dependency for \"' +","\t\t\t\t\talias + '\"');","\t\t\t}","\t\t}","\t\tschema.$types[alias] = type;","\t});","\tvar implicit_refs = [], all_refs = [];","\t/* Process fields */","\tnames(schema).forEach(function parse_table(tableName) {","\t\tvar table = schema[tableName];","\t\tnames(table).forEach(function parse_field(fieldName) {","\t\t\tvar field = table[fieldName];","\t\t\t/* Resolve aliases */","\t\t\tif (_(orm.schema.$types).has(field.type)) {","\t\t\t\tfield.type = orm.schema.$types[field.type];","\t\t\t}","\t\t\t/* Store resolved type */","\t\t\tfield.$type = field.type;","\t\t\t/* Builtin primary key type */","\t\t\tif (field.type === '::id') {","\t\t\t\tfield.type = 'INTEGER';","\t\t\t\tfield.auto_increment = true;","\t\t\t\tif (table.$primary.length > 0 &&","\t\t\t\t\t!((table.$primary).length === 1","\t\t\t\t\t\t&& table.$primary[0] === fieldName)) {","\t\t\t\t\treturn orm.error('Cannot parse field \"' + field.$fullname +","\t\t\t\t\t\t'\": table \"' + table.$fullname + '\" already has ' +","\t\t\t\t\t\t'primary key(s) specified');","\t\t\t\t}","\t\t\t\ttable.$primary = [fieldName];","\t\t\t}","\t\t\t/* JSON field */","\t\t\tvar match = field.type.match(/^JSON(?:\\(\\s*(\\d+)\\s*\\))?$/i);","\t\t\tif (match) {","\t\t\t\tfield.type = match[1] ? 'VARCHAR(' + match[1] + ')' : 'LONGTEXT';","\t\t\t\tfield.serialize = function (o) {","\t\t\t\t\treturn JSON.stringify(_(o).isUndefined() ? this.default : o);","\t\t\t\t};","\t\t\t\tfield.deserialize = function (s) {","\t\t\t\t\treturn (s === null || s === '') ? this.default : JSON.parse(s);","\t\t\t\t};","\t\t\t}","\t\t\t/* Auto-increment */","\t\t\tif (field.auto_increment) {","\t\t\t\ttable.$auto_increment = fieldName;","\t\t\t}","\t\t\t/* Implicit references */","\t\t\tif (field.type.charAt(0) === ':') {","\t\t\t\tif (_(field).references) {","\t\t\t\t\treturn orm.error('Cannot parse type \"' + field.type +","\t\t\t\t\t\t'\" of field \"' + field.$fullname + '\": a reference ' +","\t\t\t\t\t\t'already exists in this field\\'s definition');","\t\t\t\t}","\t\t\t\tfield.references = field.type.substr(1);","\t\t\t\tdelete field.type;","\t\t\t\timplicit_refs.push(field);","\t\t\t}","\t\t\t/* Explicit references */","\t\t\tif (field.references) {","\t\t\t\tall_refs.push(field);","\t\t\t}","\t\t\t/* Index */","\t\t\tif (field.index && !_(field.index).isString()) {","\t\t\t\tfield.index = field.$name + '_idx';","\t\t\t}","\t\t\t/* Unique key */","\t\t\tif (field.unique && !_(field.unique).isString()) {","\t\t\t\tfield.unique = field.$name + '_uniq';","\t\t\t}","\t\t\t/* Reference options */","\t\t\tif (field.references) {","\t\t\t\tfield.onUpdate = reference_option(orm,","\t\t\t\t\t_(field.onUpdate).isString() ? field.onUpdate : 'restrict');","\t\t\t\tfield.onDelete = reference_option(orm,","\t\t\t\t\t_(field.onDelete).isString() ? field.onDelete : 'restrict');","\t\t\t}","\t\t});","\t});","\t/* Resolve references */","\tall_refs.forEach(function (field) {","\t\tif (_(field.references).isString()) {","\t\t\tfield.references = resolve_field(orm, field.$fullname,","\t\t\t\tfield.references);","\t\t}","\t});","\t/* Generate FK constraint names */","\tall_refs.forEach(function (field) {","\t\tfield.$fkname = [","\t\t\t\tfield.$name, 'fk', field.references.$table.$name,","\t\t\t\tfield.references.$name","\t\t\t].join('_');","\t});","\t/* Resolve data types for implicit references */","\tvar unresolved_implicit_refs = implicit_refs.length;","\twhile (unresolved_implicit_refs > 0) {","\t\tif (!_(implicit_refs).some(","\t\t\tfunction resolveSome(field) {","\t\t\t\tif (!_(field).has('type') && _(field.references).has('type')) {","\t\t\t\t\tfield.type = field.references.type;","\t\t\t\t\tunresolved_implicit_refs--;","\t\t\t\t\treturn true;","\t\t\t\t}","\t\t\t\treturn false;","\t\t\t})) {","\t\t\treturn orm.error('Failed to resolve references: Do you have a ' +","\t\t\t\t'circular dependency between implicitly typed reference ' +","\t\t\t\t'fields?  fields: ' +","\t\t\t\t_(implicit_refs).pluck('$fullname').join(', '));","\t\t}","\t}","}","","// resolve_field","// -------------","// Gets a field definition from a string naming the field (e.g. table.field)","//","function resolve_field(orm, fullname, str) {","\tvar err = function (msg) {","\t\treturn 'Failed to resolve field \"' + str + '\" for field \"' + fullname +","\t\t\t'\": ' + msg;","\t};","\tvar path = str.split('.');","\tif (path.length > 2) {","\t\treturn orm.error(err('Format: <table name>.<field name>'));","\t}","\tvar table = path.shift();","\tif (table.charAt(0) === '$' || !_(orm.schema).has(table)) {","\t\treturn orm.error(err('Table ' + mysql.escapeId(table) + ' not found'));","\t}","\tvar field = path.shift();","\tif (_(field).isUndefined()) {","\t\tif (orm.schema[table].$primary.length > 1) {","\t\t\treturn orm.error(err('Target table \"' + table + '\" has a ' +","\t\t\t\t'composite primary key and no target field was explicitly ' +","\t\t\t\t'specified in the relation definition'));","\t\t} else","\t\tif (orm.schema[table].$primary.length === 0) {","\t\t\treturn orm.error(err('No field was specified and the target ' +","\t\t\t\t'table \"' + table + '\" has no primary key defined to use as ' +","\t\t\t\t'default'));","\t\t}","\t\tfield = orm.schema[table].$primary[0];","\t}","\tif (field.charAt(0) === '$' || !_(orm.schema[table]).has(field)) {","\t\treturn orm.error(err('Field ' + mysql.escapeId(field) + ' was not ' +","\t\t\t'found in table ' +\tmysql.escapeId(table)));","\t}","\treturn orm.schema[table][field];","}","","// reference_option","// ----------------","// Helper function to parse reference_option values","//","function reference_option(orm, value) {","\tvalue = value.toUpperCase();","\tif (!_(['RESTRICT', 'CASCADE', 'SET NULL', 'NO ACTION']).contains(value)) {","\t\torm.warn('unrecognised reference_option: ' + value);","\t}","\treturn value;","}",""],"l":{"15":1,"16":1,"17":1,"19":1,"20":1,"21":1,"40":1,"41":1,"42":0,"44":0,"45":0,"46":0,"47":0,"48":0,"49":0,"53":0,"55":0,"57":0,"58":0,"59":0,"60":0,"62":0,"63":0,"66":0,"68":0,"69":0,"70":0,"71":0,"74":0,"78":0,"81":0,"82":0,"83":0,"84":0,"85":0,"87":0,"88":0,"92":0,"93":0,"96":0,"97":0,"98":0,"102":0,"103":0,"104":0,"107":0,"108":0,"111":0,"112":0,"115":0,"116":0,"119":0,"120":0,"122":0,"128":0,"129":0,"130":0,"135":0,"136":0,"142":0,"143":0,"144":0,"146":0,"147":0,"148":0,"149":0,"151":0,"153":0,"165":1,"166":0,"167":0,"170":0,"171":0,"172":0,"174":0,"175":0,"176":0,"178":0,"179":0,"180":0,"181":0,"185":0,"186":0,"190":0,"192":0,"193":0,"196":0,"203":1,"204":0,"205":0,"206":0,"208":0}}}